{"/Users/rpxic/repos/adventjs/src/2022/01-wrapping/mock.ts": {"path":"/Users/rpxic/repos/adventjs/src/2022/01-wrapping/mock.ts","all":false,"statementMap":{"0":{"start":{"line":1,"column":0},"end":{"line":1,"column":46}},"1":{"start":{"line":2,"column":0},"end":{"line":2,"column":0}},"2":{"start":{"line":3,"column":0},"end":{"line":3,"column":103}}},"s":{"0":1,"1":1,"2":1},"branchMap":{},"b":{},"fnMap":{},"f":{}}
,"/Users/rpxic/repos/adventjs/src/2022/01-wrapping/wrapping.ts": {"path":"/Users/rpxic/repos/adventjs/src/2022/01-wrapping/wrapping.ts","all":false,"statementMap":{"0":{"start":{"line":1,"column":0},"end":{"line":1,"column":56}},"1":{"start":{"line":2,"column":0},"end":{"line":2,"column":65}},"2":{"start":{"line":3,"column":0},"end":{"line":3,"column":80}},"3":{"start":{"line":4,"column":0},"end":{"line":4,"column":82}},"4":{"start":{"line":5,"column":0},"end":{"line":5,"column":25}},"5":{"start":{"line":6,"column":0},"end":{"line":6,"column":80}},"6":{"start":{"line":7,"column":0},"end":{"line":7,"column":4}},"7":{"start":{"line":8,"column":0},"end":{"line":8,"column":0}},"8":{"start":{"line":9,"column":0},"end":{"line":9,"column":30}},"9":{"start":{"line":10,"column":0},"end":{"line":10,"column":44}},"10":{"start":{"line":11,"column":0},"end":{"line":11,"column":40}},"11":{"start":{"line":12,"column":0},"end":{"line":12,"column":4}},"12":{"start":{"line":13,"column":0},"end":{"line":13,"column":1}}},"s":{"0":1,"1":5,"2":5,"3":5,"4":2,"5":4,"6":2,"7":2,"8":2,"9":3,"10":3,"11":2,"12":2},"branchMap":{"0":{"type":"branch","line":1,"loc":{"start":{"line":1,"column":24},"end":{"line":13,"column":1}},"locations":[{"start":{"line":1,"column":24},"end":{"line":13,"column":1}}]},"1":{"type":"branch","line":2,"loc":{"start":{"line":2,"column":14},"end":{"line":2,"column":65}},"locations":[{"start":{"line":2,"column":14},"end":{"line":2,"column":65}}]},"2":{"type":"branch","line":2,"loc":{"start":{"line":2,"column":64},"end":{"line":3,"column":35}},"locations":[{"start":{"line":2,"column":64},"end":{"line":3,"column":35}}]},"3":{"type":"branch","line":3,"loc":{"start":{"line":3,"column":29},"end":{"line":3,"column":80}},"locations":[{"start":{"line":3,"column":29},"end":{"line":3,"column":80}}]},"4":{"type":"branch","line":3,"loc":{"start":{"line":3,"column":79},"end":{"line":4,"column":30}},"locations":[{"start":{"line":3,"column":79},"end":{"line":4,"column":30}}]},"5":{"type":"branch","line":4,"loc":{"start":{"line":4,"column":24},"end":{"line":4,"column":82}},"locations":[{"start":{"line":4,"column":24},"end":{"line":4,"column":82}}]},"6":{"type":"branch","line":4,"loc":{"start":{"line":4,"column":81},"end":{"line":13,"column":1}},"locations":[{"start":{"line":4,"column":81},"end":{"line":13,"column":1}}]},"7":{"type":"branch","line":5,"loc":{"start":{"line":5,"column":16},"end":{"line":7,"column":3}},"locations":[{"start":{"line":5,"column":16},"end":{"line":7,"column":3}}]},"8":{"type":"branch","line":6,"loc":{"start":{"line":6,"column":32},"end":{"line":6,"column":80}},"locations":[{"start":{"line":6,"column":32},"end":{"line":6,"column":80}}]},"9":{"type":"branch","line":9,"loc":{"start":{"line":9,"column":19},"end":{"line":12,"column":3}},"locations":[{"start":{"line":9,"column":19},"end":{"line":12,"column":3}}]}},"b":{"0":[5],"1":[1],"2":[4],"3":[1],"4":[3],"5":[1],"6":[2],"7":[4],"8":[1],"9":[3]},"fnMap":{"0":{"name":"wrapping","decl":{"start":{"line":1,"column":24},"end":{"line":13,"column":1}},"loc":{"start":{"line":1,"column":24},"end":{"line":13,"column":1}},"line":1}},"f":{"0":5}}
,"/Users/rpxic/repos/adventjs/src/2022/02-countHours/countHours.ts": {"path":"/Users/rpxic/repos/adventjs/src/2022/02-countHours/countHours.ts","all":false,"statementMap":{"0":{"start":{"line":1,"column":0},"end":{"line":1,"column":65}},"1":{"start":{"line":2,"column":0},"end":{"line":2,"column":53}},"2":{"start":{"line":3,"column":0},"end":{"line":3,"column":72}},"3":{"start":{"line":4,"column":0},"end":{"line":4,"column":61}},"4":{"start":{"line":5,"column":0},"end":{"line":5,"column":76}},"5":{"start":{"line":6,"column":0},"end":{"line":6,"column":73}},"6":{"start":{"line":7,"column":0},"end":{"line":7,"column":28}},"7":{"start":{"line":8,"column":0},"end":{"line":8,"column":83}},"8":{"start":{"line":9,"column":0},"end":{"line":9,"column":4}},"9":{"start":{"line":10,"column":0},"end":{"line":10,"column":0}},"10":{"start":{"line":11,"column":0},"end":{"line":11,"column":15}},"11":{"start":{"line":12,"column":0},"end":{"line":12,"column":0}},"12":{"start":{"line":13,"column":0},"end":{"line":13,"column":28}},"13":{"start":{"line":14,"column":0},"end":{"line":14,"column":38}},"14":{"start":{"line":15,"column":0},"end":{"line":15,"column":39}},"15":{"start":{"line":16,"column":0},"end":{"line":16,"column":67}},"16":{"start":{"line":17,"column":0},"end":{"line":17,"column":42}},"17":{"start":{"line":18,"column":0},"end":{"line":18,"column":4}},"18":{"start":{"line":19,"column":0},"end":{"line":19,"column":14}},"19":{"start":{"line":20,"column":0},"end":{"line":20,"column":1}}},"s":{"0":1,"1":8,"2":8,"3":8,"4":8,"5":8,"6":2,"7":4,"8":2,"9":2,"10":2,"11":2,"12":2,"13":3,"14":3,"15":3,"16":3,"17":2,"18":2,"19":2},"branchMap":{"0":{"type":"branch","line":1,"loc":{"start":{"line":1,"column":26},"end":{"line":20,"column":1}},"locations":[{"start":{"line":1,"column":26},"end":{"line":20,"column":1}}]},"1":{"type":"branch","line":2,"loc":{"start":{"line":2,"column":13},"end":{"line":2,"column":53}},"locations":[{"start":{"line":2,"column":13},"end":{"line":2,"column":53}}]},"2":{"type":"branch","line":2,"loc":{"start":{"line":2,"column":52},"end":{"line":3,"column":38}},"locations":[{"start":{"line":2,"column":52},"end":{"line":3,"column":38}}]},"3":{"type":"branch","line":3,"loc":{"start":{"line":3,"column":32},"end":{"line":3,"column":72}},"locations":[{"start":{"line":3,"column":32},"end":{"line":3,"column":72}}]},"4":{"type":"branch","line":3,"loc":{"start":{"line":3,"column":71},"end":{"line":4,"column":23}},"locations":[{"start":{"line":3,"column":71},"end":{"line":4,"column":23}}]},"5":{"type":"branch","line":4,"loc":{"start":{"line":4,"column":17},"end":{"line":4,"column":61}},"locations":[{"start":{"line":4,"column":17},"end":{"line":4,"column":61}}]},"6":{"type":"branch","line":4,"loc":{"start":{"line":4,"column":60},"end":{"line":5,"column":38}},"locations":[{"start":{"line":4,"column":60},"end":{"line":5,"column":38}}]},"7":{"type":"branch","line":5,"loc":{"start":{"line":5,"column":32},"end":{"line":5,"column":76}},"locations":[{"start":{"line":5,"column":32},"end":{"line":5,"column":76}}]},"8":{"type":"branch","line":5,"loc":{"start":{"line":5,"column":75},"end":{"line":6,"column":35}},"locations":[{"start":{"line":5,"column":75},"end":{"line":6,"column":35}}]},"9":{"type":"branch","line":6,"loc":{"start":{"line":6,"column":29},"end":{"line":6,"column":73}},"locations":[{"start":{"line":6,"column":29},"end":{"line":6,"column":73}}]},"10":{"type":"branch","line":6,"loc":{"start":{"line":6,"column":72},"end":{"line":20,"column":1}},"locations":[{"start":{"line":6,"column":72},"end":{"line":20,"column":1}}]},"11":{"type":"branch","line":7,"loc":{"start":{"line":7,"column":19},"end":{"line":9,"column":3}},"locations":[{"start":{"line":7,"column":19},"end":{"line":9,"column":3}}]},"12":{"type":"branch","line":8,"loc":{"start":{"line":8,"column":32},"end":{"line":8,"column":83}},"locations":[{"start":{"line":8,"column":32},"end":{"line":8,"column":83}}]},"13":{"type":"branch","line":13,"loc":{"start":{"line":13,"column":19},"end":{"line":18,"column":3}},"locations":[{"start":{"line":13,"column":19},"end":{"line":18,"column":3}}]},"14":{"type":"branch","line":17,"loc":{"start":{"line":17,"column":16},"end":{"line":17,"column":32}},"locations":[{"start":{"line":17,"column":16},"end":{"line":17,"column":32}}]},"15":{"type":"branch","line":17,"loc":{"start":{"line":17,"column":32},"end":{"line":17,"column":42}},"locations":[{"start":{"line":17,"column":32},"end":{"line":17,"column":42}}]}},"b":{"0":[8],"1":[2],"2":[6],"3":[1],"4":[5],"5":[1],"6":[4],"7":[1],"8":[3],"9":[1],"10":[2],"11":[4],"12":[1],"13":[3],"14":[2],"15":[2]},"fnMap":{"0":{"name":"countHours","decl":{"start":{"line":1,"column":26},"end":{"line":20,"column":1}},"loc":{"start":{"line":1,"column":26},"end":{"line":20,"column":1}},"line":1}},"f":{"0":8}}
,"/Users/rpxic/repos/adventjs/src/2022/02-countHours/mock.ts": {"path":"/Users/rpxic/repos/adventjs/src/2022/02-countHours/mock.ts","all":false,"statementMap":{"0":{"start":{"line":1,"column":0},"end":{"line":1,"column":24}},"1":{"start":{"line":2,"column":0},"end":{"line":2,"column":51}},"2":{"start":{"line":3,"column":0},"end":{"line":3,"column":0}},"3":{"start":{"line":4,"column":0},"end":{"line":4,"column":23}}},"s":{"0":1,"1":1,"2":1,"3":1},"branchMap":{},"b":{},"fnMap":{},"f":{}}
,"/Users/rpxic/repos/adventjs/src/2022/03-distributeGifts/distributeGifts.ts": {"path":"/Users/rpxic/repos/adventjs/src/2022/03-distributeGifts/distributeGifts.ts","all":false,"statementMap":{"0":{"start":{"line":1,"column":0},"end":{"line":1,"column":80}},"1":{"start":{"line":2,"column":0},"end":{"line":2,"column":77}},"2":{"start":{"line":3,"column":0},"end":{"line":3,"column":82}},"3":{"start":{"line":4,"column":0},"end":{"line":4,"column":79}},"4":{"start":{"line":5,"column":0},"end":{"line":5,"column":31}},"5":{"start":{"line":6,"column":0},"end":{"line":6,"column":86}},"6":{"start":{"line":7,"column":0},"end":{"line":7,"column":4}},"7":{"start":{"line":8,"column":0},"end":{"line":8,"column":72}},"8":{"start":{"line":9,"column":0},"end":{"line":9,"column":78}},"9":{"start":{"line":10,"column":0},"end":{"line":10,"column":75}},"10":{"start":{"line":11,"column":0},"end":{"line":11,"column":29}},"11":{"start":{"line":12,"column":0},"end":{"line":12,"column":84}},"12":{"start":{"line":13,"column":0},"end":{"line":13,"column":4}},"13":{"start":{"line":14,"column":0},"end":{"line":14,"column":0}},"14":{"start":{"line":15,"column":0},"end":{"line":15,"column":75}},"15":{"start":{"line":16,"column":0},"end":{"line":16,"column":83}},"16":{"start":{"line":17,"column":0},"end":{"line":17,"column":0}},"17":{"start":{"line":18,"column":0},"end":{"line":18,"column":52}},"18":{"start":{"line":19,"column":0},"end":{"line":19,"column":1}}},"s":{"0":1,"1":10,"2":10,"3":10,"4":6,"5":8,"6":6,"7":10,"8":10,"9":10,"10":2,"11":3,"12":2,"13":2,"14":2,"15":2,"16":2,"17":2,"18":2},"branchMap":{"0":{"type":"branch","line":1,"loc":{"start":{"line":1,"column":31},"end":{"line":19,"column":1}},"locations":[{"start":{"line":1,"column":31},"end":{"line":19,"column":1}}]},"1":{"type":"branch","line":2,"loc":{"start":{"line":2,"column":20},"end":{"line":2,"column":77}},"locations":[{"start":{"line":2,"column":20},"end":{"line":2,"column":77}}]},"2":{"type":"branch","line":2,"loc":{"start":{"line":2,"column":76},"end":{"line":3,"column":41}},"locations":[{"start":{"line":2,"column":76},"end":{"line":3,"column":41}}]},"3":{"type":"branch","line":3,"loc":{"start":{"line":3,"column":35},"end":{"line":3,"column":82}},"locations":[{"start":{"line":3,"column":35},"end":{"line":3,"column":82}}]},"4":{"type":"branch","line":3,"loc":{"start":{"line":3,"column":81},"end":{"line":4,"column":38}},"locations":[{"start":{"line":3,"column":81},"end":{"line":4,"column":38}}]},"5":{"type":"branch","line":4,"loc":{"start":{"line":4,"column":32},"end":{"line":4,"column":79}},"locations":[{"start":{"line":4,"column":32},"end":{"line":4,"column":79}}]},"6":{"type":"branch","line":4,"loc":{"start":{"line":4,"column":78},"end":{"line":8,"column":24}},"locations":[{"start":{"line":4,"column":78},"end":{"line":8,"column":24}}]},"7":{"type":"branch","line":8,"loc":{"start":{"line":8,"column":18},"end":{"line":8,"column":72}},"locations":[{"start":{"line":8,"column":18},"end":{"line":8,"column":72}}]},"8":{"type":"branch","line":8,"loc":{"start":{"line":8,"column":71},"end":{"line":9,"column":39}},"locations":[{"start":{"line":8,"column":71},"end":{"line":9,"column":39}}]},"9":{"type":"branch","line":9,"loc":{"start":{"line":9,"column":33},"end":{"line":9,"column":78}},"locations":[{"start":{"line":9,"column":33},"end":{"line":9,"column":78}}]},"10":{"type":"branch","line":9,"loc":{"start":{"line":9,"column":77},"end":{"line":10,"column":36}},"locations":[{"start":{"line":9,"column":77},"end":{"line":10,"column":36}}]},"11":{"type":"branch","line":10,"loc":{"start":{"line":10,"column":30},"end":{"line":10,"column":75}},"locations":[{"start":{"line":10,"column":30},"end":{"line":10,"column":75}}]},"12":{"type":"branch","line":10,"loc":{"start":{"line":10,"column":74},"end":{"line":19,"column":1}},"locations":[{"start":{"line":10,"column":74},"end":{"line":19,"column":1}}]},"13":{"type":"branch","line":5,"loc":{"start":{"line":5,"column":22},"end":{"line":7,"column":3}},"locations":[{"start":{"line":5,"column":22},"end":{"line":7,"column":3}}]},"14":{"type":"branch","line":6,"loc":{"start":{"line":6,"column":32},"end":{"line":6,"column":86}},"locations":[{"start":{"line":6,"column":32},"end":{"line":6,"column":86}}]},"15":{"type":"branch","line":11,"loc":{"start":{"line":11,"column":20},"end":{"line":13,"column":3}},"locations":[{"start":{"line":11,"column":20},"end":{"line":13,"column":3}}]},"16":{"type":"branch","line":12,"loc":{"start":{"line":12,"column":32},"end":{"line":12,"column":84}},"locations":[{"start":{"line":12,"column":32},"end":{"line":12,"column":84}}]},"17":{"type":"branch","line":15,"loc":{"start":{"line":15,"column":41},"end":{"line":15,"column":73}},"locations":[{"start":{"line":15,"column":41},"end":{"line":15,"column":73}}]},"18":{"type":"branch","line":16,"loc":{"start":{"line":16,"column":45},"end":{"line":16,"column":81}},"locations":[{"start":{"line":16,"column":45},"end":{"line":16,"column":81}}]}},"b":{"0":[10],"1":[2],"2":[8],"3":[1],"4":[7],"5":[1],"6":[6],"7":[1],"8":[4],"9":[1],"10":[3],"11":[1],"12":[2],"13":[8],"14":[1],"15":[3],"16":[1],"17":[3],"18":[2]},"fnMap":{"0":{"name":"distributeGifts","decl":{"start":{"line":1,"column":31},"end":{"line":19,"column":1}},"loc":{"start":{"line":1,"column":31},"end":{"line":19,"column":1}},"line":1}},"f":{"0":10}}
,"/Users/rpxic/repos/adventjs/src/2022/03-distributeGifts/mock.ts": {"path":"/Users/rpxic/repos/adventjs/src/2022/03-distributeGifts/mock.ts","all":false,"statementMap":{"0":{"start":{"line":1,"column":0},"end":{"line":1,"column":51}},"1":{"start":{"line":2,"column":0},"end":{"line":2,"column":0}},"2":{"start":{"line":3,"column":0},"end":{"line":3,"column":45}},"3":{"start":{"line":4,"column":0},"end":{"line":4,"column":0}},"4":{"start":{"line":5,"column":0},"end":{"line":5,"column":23}}},"s":{"0":1,"1":1,"2":1,"3":1,"4":1},"branchMap":{},"b":{},"fnMap":{},"f":{}}
,"/Users/rpxic/repos/adventjs/src/2022/04-fitsInOneBox/fitsInOneBox.ts": {"path":"/Users/rpxic/repos/adventjs/src/2022/04-fitsInOneBox/fitsInOneBox.ts","all":false,"statementMap":{"0":{"start":{"line":1,"column":0},"end":{"line":1,"column":15}},"1":{"start":{"line":2,"column":0},"end":{"line":2,"column":11}},"2":{"start":{"line":3,"column":0},"end":{"line":3,"column":11}},"3":{"start":{"line":4,"column":0},"end":{"line":4,"column":11}},"4":{"start":{"line":5,"column":0},"end":{"line":5,"column":1}},"5":{"start":{"line":6,"column":0},"end":{"line":6,"column":0}},"6":{"start":{"line":7,"column":0},"end":{"line":7,"column":47}},"7":{"start":{"line":8,"column":0},"end":{"line":8,"column":65}},"8":{"start":{"line":9,"column":0},"end":{"line":9,"column":70}},"9":{"start":{"line":10,"column":0},"end":{"line":10,"column":67}},"10":{"start":{"line":11,"column":0},"end":{"line":11,"column":25}},"11":{"start":{"line":12,"column":0},"end":{"line":12,"column":152}},"12":{"start":{"line":13,"column":0},"end":{"line":13,"column":4}},"13":{"start":{"line":14,"column":0},"end":{"line":14,"column":0}},"14":{"start":{"line":15,"column":0},"end":{"line":15,"column":33}},"15":{"start":{"line":16,"column":0},"end":{"line":16,"column":0}},"16":{"start":{"line":17,"column":0},"end":{"line":17,"column":19}},"17":{"start":{"line":18,"column":0},"end":{"line":18,"column":0}},"18":{"start":{"line":19,"column":0},"end":{"line":19,"column":28}},"19":{"start":{"line":20,"column":0},"end":{"line":20,"column":16}},"20":{"start":{"line":21,"column":0},"end":{"line":21,"column":63}},"21":{"start":{"line":22,"column":0},"end":{"line":22,"column":63}},"22":{"start":{"line":23,"column":0},"end":{"line":23,"column":63}},"23":{"start":{"line":24,"column":0},"end":{"line":24,"column":5}},"24":{"start":{"line":25,"column":0},"end":{"line":25,"column":4}},"25":{"start":{"line":26,"column":0},"end":{"line":26,"column":15}},"26":{"start":{"line":27,"column":0},"end":{"line":27,"column":1}}},"s":{"0":1,"1":1,"2":1,"3":1,"4":1,"5":1,"6":1,"7":7,"8":7,"9":7,"10":4,"11":9,"12":4,"13":4,"14":4,"15":4,"16":4,"17":4,"18":4,"19":8,"20":5,"21":5,"22":5,"23":5,"24":4,"25":4,"26":4},"branchMap":{"0":{"type":"branch","line":7,"loc":{"start":{"line":7,"column":28},"end":{"line":27,"column":1}},"locations":[{"start":{"line":7,"column":28},"end":{"line":27,"column":1}}]},"1":{"type":"branch","line":8,"loc":{"start":{"line":8,"column":14},"end":{"line":8,"column":65}},"locations":[{"start":{"line":8,"column":14},"end":{"line":8,"column":65}}]},"2":{"type":"branch","line":8,"loc":{"start":{"line":8,"column":64},"end":{"line":9,"column":35}},"locations":[{"start":{"line":8,"column":64},"end":{"line":9,"column":35}}]},"3":{"type":"branch","line":9,"loc":{"start":{"line":9,"column":29},"end":{"line":9,"column":70}},"locations":[{"start":{"line":9,"column":29},"end":{"line":9,"column":70}}]},"4":{"type":"branch","line":9,"loc":{"start":{"line":9,"column":69},"end":{"line":10,"column":32}},"locations":[{"start":{"line":9,"column":69},"end":{"line":10,"column":32}}]},"5":{"type":"branch","line":10,"loc":{"start":{"line":10,"column":26},"end":{"line":10,"column":67}},"locations":[{"start":{"line":10,"column":26},"end":{"line":10,"column":67}}]},"6":{"type":"branch","line":10,"loc":{"start":{"line":10,"column":66},"end":{"line":27,"column":1}},"locations":[{"start":{"line":10,"column":66},"end":{"line":27,"column":1}}]},"7":{"type":"branch","line":11,"loc":{"start":{"line":11,"column":16},"end":{"line":13,"column":3}},"locations":[{"start":{"line":11,"column":16},"end":{"line":13,"column":3}}]},"8":{"type":"branch","line":12,"loc":{"start":{"line":12,"column":24},"end":{"line":12,"column":64}},"locations":[{"start":{"line":12,"column":24},"end":{"line":12,"column":64}}]},"9":{"type":"branch","line":12,"loc":{"start":{"line":12,"column":52},"end":{"line":12,"column":90}},"locations":[{"start":{"line":12,"column":52},"end":{"line":12,"column":90}}]},"10":{"type":"branch","line":12,"loc":{"start":{"line":12,"column":90},"end":{"line":12,"column":152}},"locations":[{"start":{"line":12,"column":90},"end":{"line":12,"column":152}}]},"11":{"type":"branch","line":15,"loc":{"start":{"line":15,"column":13},"end":{"line":15,"column":32}},"locations":[{"start":{"line":15,"column":13},"end":{"line":15,"column":32}}]},"12":{"type":"branch","line":19,"loc":{"start":{"line":19,"column":16},"end":{"line":25,"column":3}},"locations":[{"start":{"line":19,"column":16},"end":{"line":25,"column":3}}]},"13":{"type":"branch","line":20,"loc":{"start":{"line":20,"column":15},"end":{"line":24,"column":5}},"locations":[{"start":{"line":20,"column":15},"end":{"line":24,"column":5}}]},"14":{"type":"branch","line":21,"loc":{"start":{"line":21,"column":40},"end":{"line":21,"column":63}},"locations":[{"start":{"line":21,"column":40},"end":{"line":21,"column":63}}]},"15":{"type":"branch","line":22,"loc":{"start":{"line":22,"column":40},"end":{"line":22,"column":63}},"locations":[{"start":{"line":22,"column":40},"end":{"line":22,"column":63}}]},"16":{"type":"branch","line":22,"loc":{"start":{"line":22,"column":57},"end":{"line":23,"column":48}},"locations":[{"start":{"line":22,"column":57},"end":{"line":23,"column":48}}]},"17":{"type":"branch","line":23,"loc":{"start":{"line":23,"column":40},"end":{"line":23,"column":63}},"locations":[{"start":{"line":23,"column":40},"end":{"line":23,"column":63}}]}},"b":{"0":[7],"1":[1],"2":[6],"3":[1],"4":[5],"5":[1],"6":[4],"7":[9],"8":[8],"9":[8],"10":[1],"11":[7],"12":[8],"13":[5],"14":[0],"15":[1],"16":[4],"17":[0]},"fnMap":{"0":{"name":"fitsInOneBox","decl":{"start":{"line":7,"column":28},"end":{"line":27,"column":1}},"loc":{"start":{"line":7,"column":28},"end":{"line":27,"column":1}},"line":7}},"f":{"0":7}}
,"/Users/rpxic/repos/adventjs/src/2022/04-fitsInOneBox/mock.ts": {"path":"/Users/rpxic/repos/adventjs/src/2022/04-fitsInOneBox/mock.ts","all":false,"statementMap":{"0":{"start":{"line":1,"column":0},"end":{"line":1,"column":22}},"1":{"start":{"line":2,"column":0},"end":{"line":2,"column":23}},"2":{"start":{"line":3,"column":0},"end":{"line":3,"column":22}},"3":{"start":{"line":4,"column":0},"end":{"line":4,"column":1}},"4":{"start":{"line":5,"column":0},"end":{"line":5,"column":0}},"5":{"start":{"line":6,"column":0},"end":{"line":6,"column":26}},"6":{"start":{"line":7,"column":0},"end":{"line":7,"column":0}},"7":{"start":{"line":8,"column":0},"end":{"line":8,"column":23}},"8":{"start":{"line":9,"column":0},"end":{"line":9,"column":23}},"9":{"start":{"line":10,"column":0},"end":{"line":10,"column":23}},"10":{"start":{"line":11,"column":0},"end":{"line":11,"column":22}},"11":{"start":{"line":12,"column":0},"end":{"line":12,"column":1}},"12":{"start":{"line":13,"column":0},"end":{"line":13,"column":0}},"13":{"start":{"line":14,"column":0},"end":{"line":14,"column":28}},"14":{"start":{"line":15,"column":0},"end":{"line":15,"column":0}},"15":{"start":{"line":16,"column":0},"end":{"line":16,"column":23}},"16":{"start":{"line":17,"column":0},"end":{"line":17,"column":23}},"17":{"start":{"line":18,"column":0},"end":{"line":18,"column":23}},"18":{"start":{"line":19,"column":0},"end":{"line":19,"column":22}},"19":{"start":{"line":20,"column":0},"end":{"line":20,"column":1}},"20":{"start":{"line":21,"column":0},"end":{"line":21,"column":0}},"21":{"start":{"line":22,"column":0},"end":{"line":22,"column":27}}},"s":{"0":1,"1":1,"2":1,"3":1,"4":1,"5":1,"6":1,"7":1,"8":1,"9":1,"10":1,"11":1,"12":1,"13":1,"14":1,"15":1,"16":1,"17":1,"18":1,"19":1,"20":1,"21":1},"branchMap":{},"b":{},"fnMap":{},"f":{}}
,"/Users/rpxic/repos/adventjs/src/2022/05-getMaxGifts/getMaxGifts.ts": {"path":"/Users/rpxic/repos/adventjs/src/2022/05-getMaxGifts/getMaxGifts.ts","all":false,"statementMap":{"0":{"start":{"line":1,"column":0},"end":{"line":1,"column":92}},"1":{"start":{"line":2,"column":0},"end":{"line":2,"column":76}},"2":{"start":{"line":3,"column":0},"end":{"line":3,"column":91}},"3":{"start":{"line":4,"column":0},"end":{"line":4,"column":98}},"4":{"start":{"line":5,"column":0},"end":{"line":5,"column":31}},"5":{"start":{"line":6,"column":0},"end":{"line":6,"column":100}},"6":{"start":{"line":7,"column":0},"end":{"line":7,"column":4}},"7":{"start":{"line":8,"column":0},"end":{"line":8,"column":0}},"8":{"start":{"line":9,"column":0},"end":{"line":9,"column":71}},"9":{"start":{"line":10,"column":0},"end":{"line":10,"column":90}},"10":{"start":{"line":11,"column":0},"end":{"line":11,"column":80}},"11":{"start":{"line":12,"column":0},"end":{"line":12,"column":0}},"12":{"start":{"line":13,"column":0},"end":{"line":13,"column":73}},"13":{"start":{"line":14,"column":0},"end":{"line":14,"column":92}},"14":{"start":{"line":15,"column":0},"end":{"line":15,"column":0}},"15":{"start":{"line":16,"column":0},"end":{"line":16,"column":35}},"16":{"start":{"line":17,"column":0},"end":{"line":17,"column":27}},"17":{"start":{"line":18,"column":0},"end":{"line":18,"column":0}},"18":{"start":{"line":19,"column":0},"end":{"line":19,"column":45}},"19":{"start":{"line":20,"column":0},"end":{"line":20,"column":34}},"20":{"start":{"line":21,"column":0},"end":{"line":21,"column":45}},"21":{"start":{"line":22,"column":0},"end":{"line":22,"column":26}},"22":{"start":{"line":23,"column":0},"end":{"line":23,"column":42}},"23":{"start":{"line":24,"column":0},"end":{"line":24,"column":25}},"24":{"start":{"line":25,"column":0},"end":{"line":25,"column":7}},"25":{"start":{"line":26,"column":0},"end":{"line":26,"column":5}},"26":{"start":{"line":27,"column":0},"end":{"line":27,"column":23}},"27":{"start":{"line":28,"column":0},"end":{"line":28,"column":23}},"28":{"start":{"line":29,"column":0},"end":{"line":29,"column":3}},"29":{"start":{"line":30,"column":0},"end":{"line":30,"column":0}},"30":{"start":{"line":31,"column":0},"end":{"line":31,"column":44}},"31":{"start":{"line":32,"column":0},"end":{"line":32,"column":0}},"32":{"start":{"line":33,"column":0},"end":{"line":33,"column":87}},"33":{"start":{"line":34,"column":0},"end":{"line":34,"column":0}},"34":{"start":{"line":35,"column":0},"end":{"line":35,"column":86}},"35":{"start":{"line":36,"column":0},"end":{"line":36,"column":0}},"36":{"start":{"line":37,"column":0},"end":{"line":37,"column":81}},"37":{"start":{"line":38,"column":0},"end":{"line":38,"column":0}},"38":{"start":{"line":39,"column":0},"end":{"line":39,"column":55}},"39":{"start":{"line":40,"column":0},"end":{"line":40,"column":0}},"40":{"start":{"line":41,"column":0},"end":{"line":41,"column":48}},"41":{"start":{"line":42,"column":0},"end":{"line":42,"column":1}}},"s":{"0":1,"1":16,"2":16,"3":16,"4":13,"5":29,"6":13,"7":13,"8":16,"9":16,"10":16,"11":9,"12":16,"13":16,"14":7,"15":7,"16":7,"17":7,"18":7,"19":64,"20":64,"21":57,"22":57,"23":57,"24":57,"25":64,"26":7,"27":7,"28":7,"29":7,"30":7,"31":7,"32":7,"33":7,"34":7,"35":7,"36":7,"37":7,"38":16,"39":6,"40":6,"41":6},"branchMap":{"0":{"type":"branch","line":1,"loc":{"start":{"line":1,"column":27},"end":{"line":42,"column":1}},"locations":[{"start":{"line":1,"column":27},"end":{"line":42,"column":1}}]},"1":{"type":"branch","line":2,"loc":{"start":{"line":2,"column":20},"end":{"line":2,"column":76}},"locations":[{"start":{"line":2,"column":20},"end":{"line":2,"column":76}}]},"2":{"type":"branch","line":2,"loc":{"start":{"line":2,"column":75},"end":{"line":3,"column":41}},"locations":[{"start":{"line":2,"column":75},"end":{"line":3,"column":41}}]},"3":{"type":"branch","line":3,"loc":{"start":{"line":3,"column":35},"end":{"line":3,"column":91}},"locations":[{"start":{"line":3,"column":35},"end":{"line":3,"column":91}}]},"4":{"type":"branch","line":3,"loc":{"start":{"line":3,"column":90},"end":{"line":4,"column":36}},"locations":[{"start":{"line":3,"column":90},"end":{"line":4,"column":36}}]},"5":{"type":"branch","line":4,"loc":{"start":{"line":4,"column":30},"end":{"line":4,"column":98}},"locations":[{"start":{"line":4,"column":30},"end":{"line":4,"column":98}}]},"6":{"type":"branch","line":4,"loc":{"start":{"line":4,"column":97},"end":{"line":9,"column":23}},"locations":[{"start":{"line":4,"column":97},"end":{"line":9,"column":23}}]},"7":{"type":"branch","line":9,"loc":{"start":{"line":9,"column":17},"end":{"line":9,"column":71}},"locations":[{"start":{"line":9,"column":17},"end":{"line":9,"column":71}}]},"8":{"type":"branch","line":9,"loc":{"start":{"line":9,"column":70},"end":{"line":10,"column":42}},"locations":[{"start":{"line":9,"column":70},"end":{"line":10,"column":42}}]},"9":{"type":"branch","line":10,"loc":{"start":{"line":10,"column":36},"end":{"line":10,"column":90}},"locations":[{"start":{"line":10,"column":36},"end":{"line":10,"column":90}}]},"10":{"type":"branch","line":10,"loc":{"start":{"line":10,"column":89},"end":{"line":11,"column":26}},"locations":[{"start":{"line":10,"column":89},"end":{"line":11,"column":26}}]},"11":{"type":"branch","line":11,"loc":{"start":{"line":11,"column":20},"end":{"line":11,"column":80}},"locations":[{"start":{"line":11,"column":20},"end":{"line":11,"column":80}}]},"12":{"type":"branch","line":11,"loc":{"start":{"line":11,"column":79},"end":{"line":13,"column":24}},"locations":[{"start":{"line":11,"column":79},"end":{"line":13,"column":24}}]},"13":{"type":"branch","line":13,"loc":{"start":{"line":13,"column":18},"end":{"line":13,"column":73}},"locations":[{"start":{"line":13,"column":18},"end":{"line":13,"column":73}}]},"14":{"type":"branch","line":13,"loc":{"start":{"line":13,"column":72},"end":{"line":14,"column":43}},"locations":[{"start":{"line":13,"column":72},"end":{"line":14,"column":43}}]},"15":{"type":"branch","line":14,"loc":{"start":{"line":14,"column":37},"end":{"line":14,"column":92}},"locations":[{"start":{"line":14,"column":37},"end":{"line":14,"column":92}}]},"16":{"type":"branch","line":14,"loc":{"start":{"line":14,"column":91},"end":{"line":39,"column":54}},"locations":[{"start":{"line":14,"column":91},"end":{"line":39,"column":54}}]},"17":{"type":"branch","line":39,"loc":{"start":{"line":39,"column":47},"end":{"line":39,"column":55}},"locations":[{"start":{"line":39,"column":47},"end":{"line":39,"column":55}}]},"18":{"type":"branch","line":39,"loc":{"start":{"line":39,"column":54},"end":{"line":42,"column":1}},"locations":[{"start":{"line":39,"column":54},"end":{"line":42,"column":1}}]},"19":{"type":"branch","line":5,"loc":{"start":{"line":5,"column":22},"end":{"line":7,"column":3}},"locations":[{"start":{"line":5,"column":22},"end":{"line":7,"column":3}}]},"20":{"type":"branch","line":6,"loc":{"start":{"line":6,"column":32},"end":{"line":6,"column":100}},"locations":[{"start":{"line":6,"column":32},"end":{"line":6,"column":100}}]},"21":{"type":"branch","line":16,"loc":{"start":{"line":16,"column":18},"end":{"line":29,"column":3}},"locations":[{"start":{"line":16,"column":18},"end":{"line":29,"column":3}}]},"22":{"type":"branch","line":19,"loc":{"start":{"line":19,"column":22},"end":{"line":26,"column":5}},"locations":[{"start":{"line":19,"column":22},"end":{"line":26,"column":5}}]},"23":{"type":"branch","line":21,"loc":{"start":{"line":21,"column":44},"end":{"line":25,"column":7}},"locations":[{"start":{"line":21,"column":44},"end":{"line":25,"column":7}}]},"24":{"type":"branch","line":33,"loc":{"start":{"line":33,"column":39},"end":{"line":33,"column":86}},"locations":[{"start":{"line":33,"column":39},"end":{"line":33,"column":86}}]},"25":{"type":"branch","line":33,"loc":{"start":{"line":33,"column":60},"end":{"line":33,"column":86}},"locations":[{"start":{"line":33,"column":60},"end":{"line":33,"column":86}}]},"26":{"type":"branch","line":35,"loc":{"start":{"line":35,"column":43},"end":{"line":35,"column":85}},"locations":[{"start":{"line":35,"column":43},"end":{"line":35,"column":85}}]},"27":{"type":"branch","line":35,"loc":{"start":{"line":35,"column":61},"end":{"line":35,"column":84}},"locations":[{"start":{"line":35,"column":61},"end":{"line":35,"column":84}}]},"28":{"type":"branch","line":37,"loc":{"start":{"line":37,"column":58},"end":{"line":37,"column":80}},"locations":[{"start":{"line":37,"column":58},"end":{"line":37,"column":80}}]}},"b":{"0":[16],"1":[1],"2":[15],"3":[1],"4":[14],"5":[1],"6":[13],"7":[2],"8":[10],"9":[1],"10":[9],"11":[0],"12":[9],"13":[1],"14":[8],"15":[1],"16":[7],"17":[1],"18":[6],"19":[29],"20":[1],"21":[7],"22":[64],"23":[57],"24":[64],"25":[56],"26":[49],"27":[43],"28":[49]},"fnMap":{"0":{"name":"getMaxGifts","decl":{"start":{"line":1,"column":27},"end":{"line":42,"column":1}},"loc":{"start":{"line":1,"column":27},"end":{"line":42,"column":1}},"line":1},"1":{"name":"subsets","decl":{"start":{"line":16,"column":18},"end":{"line":29,"column":3}},"loc":{"start":{"line":16,"column":18},"end":{"line":29,"column":3}},"line":16},"2":{"name":"backtrack","decl":{"start":{"line":19,"column":22},"end":{"line":26,"column":5}},"loc":{"start":{"line":19,"column":22},"end":{"line":26,"column":5}},"line":19}},"f":{"0":16,"1":7,"2":64}}
,"/Users/rpxic/repos/adventjs/src/2022/05-getMaxGifts/mock.ts": {"path":"/Users/rpxic/repos/adventjs/src/2022/05-getMaxGifts/mock.ts","all":false,"statementMap":{"0":{"start":{"line":1,"column":0},"end":{"line":1,"column":44}},"1":{"start":{"line":2,"column":0},"end":{"line":2,"column":26}},"2":{"start":{"line":3,"column":0},"end":{"line":3,"column":26}},"3":{"start":{"line":4,"column":0},"end":{"line":4,"column":24}},"4":{"start":{"line":5,"column":0},"end":{"line":5,"column":0}},"5":{"start":{"line":6,"column":0},"end":{"line":6,"column":32}},"6":{"start":{"line":7,"column":0},"end":{"line":7,"column":27}},"7":{"start":{"line":8,"column":0},"end":{"line":8,"column":27}},"8":{"start":{"line":9,"column":0},"end":{"line":9,"column":24}},"9":{"start":{"line":10,"column":0},"end":{"line":10,"column":0}},"10":{"start":{"line":11,"column":0},"end":{"line":11,"column":32}},"11":{"start":{"line":12,"column":0},"end":{"line":12,"column":28}},"12":{"start":{"line":13,"column":0},"end":{"line":13,"column":27}},"13":{"start":{"line":14,"column":0},"end":{"line":14,"column":25}},"14":{"start":{"line":15,"column":0},"end":{"line":15,"column":0}},"15":{"start":{"line":16,"column":0},"end":{"line":16,"column":36}},"16":{"start":{"line":17,"column":0},"end":{"line":17,"column":28}},"17":{"start":{"line":18,"column":0},"end":{"line":18,"column":27}},"18":{"start":{"line":19,"column":0},"end":{"line":19,"column":25}},"19":{"start":{"line":20,"column":0},"end":{"line":20,"column":0}},"20":{"start":{"line":21,"column":0},"end":{"line":21,"column":40}},"21":{"start":{"line":22,"column":0},"end":{"line":22,"column":28}},"22":{"start":{"line":23,"column":0},"end":{"line":23,"column":27}},"23":{"start":{"line":24,"column":0},"end":{"line":24,"column":26}},"24":{"start":{"line":25,"column":0},"end":{"line":25,"column":0}},"25":{"start":{"line":26,"column":0},"end":{"line":26,"column":40}},"26":{"start":{"line":27,"column":0},"end":{"line":27,"column":28}},"27":{"start":{"line":28,"column":0},"end":{"line":28,"column":27}},"28":{"start":{"line":29,"column":0},"end":{"line":29,"column":26}},"29":{"start":{"line":30,"column":0},"end":{"line":30,"column":0}},"30":{"start":{"line":31,"column":0},"end":{"line":31,"column":40}},"31":{"start":{"line":32,"column":0},"end":{"line":32,"column":28}},"32":{"start":{"line":33,"column":0},"end":{"line":33,"column":27}},"33":{"start":{"line":34,"column":0},"end":{"line":34,"column":26}}},"s":{"0":1,"1":1,"2":1,"3":1,"4":1,"5":1,"6":1,"7":1,"8":1,"9":1,"10":1,"11":1,"12":1,"13":1,"14":1,"15":1,"16":1,"17":1,"18":1,"19":1,"20":1,"21":1,"22":1,"23":1,"24":1,"25":1,"26":1,"27":1,"28":1,"29":1,"30":1,"31":1,"32":1,"33":1},"branchMap":{},"b":{},"fnMap":{},"f":{}}
,"/Users/rpxic/repos/adventjs/src/2022/06-createCube/createCube.ts": {"path":"/Users/rpxic/repos/adventjs/src/2022/06-createCube/createCube.ts","all":false,"statementMap":{"0":{"start":{"line":1,"column":0},"end":{"line":1,"column":45}},"1":{"start":{"line":2,"column":0},"end":{"line":2,"column":63}},"2":{"start":{"line":3,"column":0},"end":{"line":3,"column":72}},"3":{"start":{"line":4,"column":0},"end":{"line":4,"column":71}},"4":{"start":{"line":5,"column":0},"end":{"line":5,"column":0}},"5":{"start":{"line":6,"column":0},"end":{"line":6,"column":22}},"6":{"start":{"line":7,"column":0},"end":{"line":7,"column":23}},"7":{"start":{"line":8,"column":0},"end":{"line":8,"column":24}},"8":{"start":{"line":9,"column":0},"end":{"line":9,"column":24}},"9":{"start":{"line":10,"column":0},"end":{"line":10,"column":0}},"10":{"start":{"line":11,"column":0},"end":{"line":11,"column":15}},"11":{"start":{"line":12,"column":0},"end":{"line":12,"column":0}},"12":{"start":{"line":13,"column":0},"end":{"line":13,"column":35}},"13":{"start":{"line":14,"column":0},"end":{"line":14,"column":46}},"14":{"start":{"line":15,"column":0},"end":{"line":15,"column":58}},"15":{"start":{"line":16,"column":0},"end":{"line":16,"column":3}},"16":{"start":{"line":17,"column":0},"end":{"line":17,"column":34}},"17":{"start":{"line":18,"column":0},"end":{"line":18,"column":46}},"18":{"start":{"line":19,"column":0},"end":{"line":19,"column":60}},"19":{"start":{"line":20,"column":0},"end":{"line":20,"column":29}},"20":{"start":{"line":21,"column":0},"end":{"line":21,"column":3}},"21":{"start":{"line":22,"column":0},"end":{"line":22,"column":0}},"22":{"start":{"line":23,"column":0},"end":{"line":23,"column":13}},"23":{"start":{"line":24,"column":0},"end":{"line":24,"column":1}}},"s":{"0":1,"1":6,"2":6,"3":6,"4":3,"5":3,"6":3,"7":3,"8":3,"9":3,"10":3,"11":3,"12":6,"13":6,"14":6,"15":6,"16":6,"17":6,"18":6,"19":6,"20":6,"21":3,"22":3,"23":3},"branchMap":{"0":{"type":"branch","line":1,"loc":{"start":{"line":1,"column":26},"end":{"line":24,"column":1}},"locations":[{"start":{"line":1,"column":26},"end":{"line":24,"column":1}}]},"1":{"type":"branch","line":2,"loc":{"start":{"line":2,"column":13},"end":{"line":2,"column":63}},"locations":[{"start":{"line":2,"column":13},"end":{"line":2,"column":63}}]},"2":{"type":"branch","line":2,"loc":{"start":{"line":2,"column":62},"end":{"line":3,"column":38}},"locations":[{"start":{"line":2,"column":62},"end":{"line":3,"column":38}}]},"3":{"type":"branch","line":3,"loc":{"start":{"line":3,"column":32},"end":{"line":3,"column":72}},"locations":[{"start":{"line":3,"column":32},"end":{"line":3,"column":72}}]},"4":{"type":"branch","line":3,"loc":{"start":{"line":3,"column":71},"end":{"line":4,"column":22}},"locations":[{"start":{"line":3,"column":71},"end":{"line":4,"column":22}}]},"5":{"type":"branch","line":4,"loc":{"start":{"line":4,"column":16},"end":{"line":4,"column":71}},"locations":[{"start":{"line":4,"column":16},"end":{"line":4,"column":71}}]},"6":{"type":"branch","line":4,"loc":{"start":{"line":4,"column":70},"end":{"line":13,"column":34}},"locations":[{"start":{"line":4,"column":70},"end":{"line":13,"column":34}}]},"7":{"type":"branch","line":14,"loc":{"start":{"line":14,"column":18},"end":{"line":14,"column":46}},"locations":[{"start":{"line":14,"column":18},"end":{"line":14,"column":46}}]},"8":{"type":"branch","line":16,"loc":{"start":{"line":16,"column":2},"end":{"line":17,"column":33}},"locations":[{"start":{"line":16,"column":2},"end":{"line":17,"column":33}}]},"9":{"type":"branch","line":18,"loc":{"start":{"line":18,"column":18},"end":{"line":18,"column":46}},"locations":[{"start":{"line":18,"column":18},"end":{"line":18,"column":46}}]},"10":{"type":"branch","line":20,"loc":{"start":{"line":20,"column":17},"end":{"line":20,"column":29}},"locations":[{"start":{"line":20,"column":17},"end":{"line":20,"column":29}}]},"11":{"type":"branch","line":21,"loc":{"start":{"line":21,"column":2},"end":{"line":24,"column":1}},"locations":[{"start":{"line":21,"column":2},"end":{"line":24,"column":1}}]}},"b":{"0":[6],"1":[2],"2":[4],"3":[1],"4":[3],"5":[0],"6":[3],"7":[3],"8":[3],"9":[3],"10":[3],"11":[3]},"fnMap":{"0":{"name":"createCube","decl":{"start":{"line":1,"column":26},"end":{"line":24,"column":1}},"loc":{"start":{"line":1,"column":26},"end":{"line":24,"column":1}},"line":1}},"f":{"0":6}}
,"/Users/rpxic/repos/adventjs/src/2022/06-createCube/mock.ts": {"path":"/Users/rpxic/repos/adventjs/src/2022/06-createCube/mock.ts","all":false,"statementMap":{"0":{"start":{"line":1,"column":0},"end":{"line":1,"column":22}},"1":{"start":{"line":2,"column":0},"end":{"line":2,"column":38}},"2":{"start":{"line":3,"column":0},"end":{"line":3,"column":0}},"3":{"start":{"line":4,"column":0},"end":{"line":4,"column":22}},"4":{"start":{"line":5,"column":0},"end":{"line":5,"column":71}},"5":{"start":{"line":6,"column":0},"end":{"line":6,"column":0}},"6":{"start":{"line":7,"column":0},"end":{"line":7,"column":22}},"7":{"start":{"line":8,"column":0},"end":{"line":8,"column":122}}},"s":{"0":1,"1":1,"2":1,"3":1,"4":1,"5":1,"6":1,"7":1},"branchMap":{},"b":{},"fnMap":{},"f":{}}
,"/Users/rpxic/repos/adventjs/src/2022/07-getGiftsToRefill/getGiftsToRefill.ts": {"path":"/Users/rpxic/repos/adventjs/src/2022/07-getGiftsToRefill/getGiftsToRefill.ts","all":false,"statementMap":{"0":{"start":{"line":1,"column":0},"end":{"line":1,"column":79}},"1":{"start":{"line":2,"column":0},"end":{"line":2,"column":59}},"2":{"start":{"line":3,"column":0},"end":{"line":3,"column":74}},"3":{"start":{"line":4,"column":0},"end":{"line":4,"column":22}},"4":{"start":{"line":5,"column":0},"end":{"line":5,"column":77}},"5":{"start":{"line":6,"column":0},"end":{"line":6,"column":4}},"6":{"start":{"line":7,"column":0},"end":{"line":7,"column":59}},"7":{"start":{"line":8,"column":0},"end":{"line":8,"column":74}},"8":{"start":{"line":9,"column":0},"end":{"line":9,"column":22}},"9":{"start":{"line":10,"column":0},"end":{"line":10,"column":77}},"10":{"start":{"line":11,"column":0},"end":{"line":11,"column":4}},"11":{"start":{"line":12,"column":0},"end":{"line":12,"column":59}},"12":{"start":{"line":13,"column":0},"end":{"line":13,"column":74}},"13":{"start":{"line":14,"column":0},"end":{"line":14,"column":22}},"14":{"start":{"line":15,"column":0},"end":{"line":15,"column":77}},"15":{"start":{"line":16,"column":0},"end":{"line":16,"column":4}},"16":{"start":{"line":17,"column":0},"end":{"line":17,"column":0}},"17":{"start":{"line":18,"column":0},"end":{"line":18,"column":23}},"18":{"start":{"line":19,"column":0},"end":{"line":19,"column":23}},"19":{"start":{"line":20,"column":0},"end":{"line":20,"column":23}},"20":{"start":{"line":21,"column":0},"end":{"line":21,"column":0}},"21":{"start":{"line":22,"column":0},"end":{"line":22,"column":24}},"22":{"start":{"line":23,"column":0},"end":{"line":23,"column":0}},"23":{"start":{"line":24,"column":0},"end":{"line":24,"column":21}},"24":{"start":{"line":25,"column":0},"end":{"line":25,"column":63}},"25":{"start":{"line":26,"column":0},"end":{"line":26,"column":4}},"26":{"start":{"line":27,"column":0},"end":{"line":27,"column":21}},"27":{"start":{"line":28,"column":0},"end":{"line":28,"column":63}},"28":{"start":{"line":29,"column":0},"end":{"line":29,"column":4}},"29":{"start":{"line":30,"column":0},"end":{"line":30,"column":21}},"30":{"start":{"line":31,"column":0},"end":{"line":31,"column":63}},"31":{"start":{"line":32,"column":0},"end":{"line":32,"column":4}},"32":{"start":{"line":33,"column":0},"end":{"line":33,"column":0}},"33":{"start":{"line":34,"column":0},"end":{"line":34,"column":10}},"34":{"start":{"line":35,"column":0},"end":{"line":35,"column":1}}},"s":{"0":1,"1":10,"2":10,"3":8,"4":15,"5":8,"6":10,"7":10,"8":5,"9":10,"10":5,"11":10,"12":10,"13":2,"14":4,"15":2,"16":2,"17":2,"18":2,"19":2,"20":2,"21":2,"22":2,"23":2,"24":2,"25":2,"26":2,"27":3,"28":2,"29":2,"30":2,"31":2,"32":2,"33":2,"34":2},"branchMap":{"0":{"type":"branch","line":1,"loc":{"start":{"line":1,"column":32},"end":{"line":35,"column":1}},"locations":[{"start":{"line":1,"column":32},"end":{"line":35,"column":1}}]},"1":{"type":"branch","line":2,"loc":{"start":{"line":2,"column":11},"end":{"line":2,"column":59}},"locations":[{"start":{"line":2,"column":11},"end":{"line":2,"column":59}}]},"2":{"type":"branch","line":2,"loc":{"start":{"line":2,"column":58},"end":{"line":3,"column":32}},"locations":[{"start":{"line":2,"column":58},"end":{"line":3,"column":32}}]},"3":{"type":"branch","line":3,"loc":{"start":{"line":3,"column":26},"end":{"line":3,"column":74}},"locations":[{"start":{"line":3,"column":26},"end":{"line":3,"column":74}}]},"4":{"type":"branch","line":3,"loc":{"start":{"line":3,"column":73},"end":{"line":7,"column":17}},"locations":[{"start":{"line":3,"column":73},"end":{"line":7,"column":17}}]},"5":{"type":"branch","line":7,"loc":{"start":{"line":7,"column":11},"end":{"line":7,"column":59}},"locations":[{"start":{"line":7,"column":11},"end":{"line":7,"column":59}}]},"6":{"type":"branch","line":7,"loc":{"start":{"line":7,"column":58},"end":{"line":8,"column":32}},"locations":[{"start":{"line":7,"column":58},"end":{"line":8,"column":32}}]},"7":{"type":"branch","line":8,"loc":{"start":{"line":8,"column":26},"end":{"line":8,"column":74}},"locations":[{"start":{"line":8,"column":26},"end":{"line":8,"column":74}}]},"8":{"type":"branch","line":8,"loc":{"start":{"line":8,"column":73},"end":{"line":12,"column":17}},"locations":[{"start":{"line":8,"column":73},"end":{"line":12,"column":17}}]},"9":{"type":"branch","line":12,"loc":{"start":{"line":12,"column":11},"end":{"line":12,"column":59}},"locations":[{"start":{"line":12,"column":11},"end":{"line":12,"column":59}}]},"10":{"type":"branch","line":12,"loc":{"start":{"line":12,"column":58},"end":{"line":13,"column":32}},"locations":[{"start":{"line":12,"column":58},"end":{"line":13,"column":32}}]},"11":{"type":"branch","line":13,"loc":{"start":{"line":13,"column":26},"end":{"line":13,"column":74}},"locations":[{"start":{"line":13,"column":26},"end":{"line":13,"column":74}}]},"12":{"type":"branch","line":13,"loc":{"start":{"line":13,"column":73},"end":{"line":35,"column":1}},"locations":[{"start":{"line":13,"column":73},"end":{"line":35,"column":1}}]},"13":{"type":"branch","line":4,"loc":{"start":{"line":4,"column":13},"end":{"line":6,"column":3}},"locations":[{"start":{"line":4,"column":13},"end":{"line":6,"column":3}}]},"14":{"type":"branch","line":5,"loc":{"start":{"line":5,"column":32},"end":{"line":5,"column":77}},"locations":[{"start":{"line":5,"column":32},"end":{"line":5,"column":77}}]},"15":{"type":"branch","line":9,"loc":{"start":{"line":9,"column":13},"end":{"line":11,"column":3}},"locations":[{"start":{"line":9,"column":13},"end":{"line":11,"column":3}}]},"16":{"type":"branch","line":10,"loc":{"start":{"line":10,"column":32},"end":{"line":10,"column":77}},"locations":[{"start":{"line":10,"column":32},"end":{"line":10,"column":77}}]},"17":{"type":"branch","line":14,"loc":{"start":{"line":14,"column":13},"end":{"line":16,"column":3}},"locations":[{"start":{"line":14,"column":13},"end":{"line":16,"column":3}}]},"18":{"type":"branch","line":15,"loc":{"start":{"line":15,"column":32},"end":{"line":15,"column":77}},"locations":[{"start":{"line":15,"column":32},"end":{"line":15,"column":77}}]},"19":{"type":"branch","line":24,"loc":{"start":{"line":24,"column":12},"end":{"line":26,"column":3}},"locations":[{"start":{"line":24,"column":12},"end":{"line":26,"column":3}}]},"20":{"type":"branch","line":25,"loc":{"start":{"line":25,"column":17},"end":{"line":25,"column":36}},"locations":[{"start":{"line":25,"column":17},"end":{"line":25,"column":36}}]},"21":{"type":"branch","line":25,"loc":{"start":{"line":25,"column":31},"end":{"line":25,"column":53}},"locations":[{"start":{"line":25,"column":31},"end":{"line":25,"column":53}}]},"22":{"type":"branch","line":25,"loc":{"start":{"line":25,"column":53},"end":{"line":25,"column":63}},"locations":[{"start":{"line":25,"column":53},"end":{"line":25,"column":63}}]},"23":{"type":"branch","line":27,"loc":{"start":{"line":27,"column":12},"end":{"line":29,"column":3}},"locations":[{"start":{"line":27,"column":12},"end":{"line":29,"column":3}}]},"24":{"type":"branch","line":28,"loc":{"start":{"line":28,"column":17},"end":{"line":28,"column":36}},"locations":[{"start":{"line":28,"column":17},"end":{"line":28,"column":36}}]},"25":{"type":"branch","line":28,"loc":{"start":{"line":28,"column":31},"end":{"line":28,"column":53}},"locations":[{"start":{"line":28,"column":31},"end":{"line":28,"column":53}}]},"26":{"type":"branch","line":28,"loc":{"start":{"line":28,"column":53},"end":{"line":28,"column":63}},"locations":[{"start":{"line":28,"column":53},"end":{"line":28,"column":63}}]},"27":{"type":"branch","line":30,"loc":{"start":{"line":30,"column":12},"end":{"line":32,"column":3}},"locations":[{"start":{"line":30,"column":12},"end":{"line":32,"column":3}}]},"28":{"type":"branch","line":31,"loc":{"start":{"line":31,"column":17},"end":{"line":31,"column":36}},"locations":[{"start":{"line":31,"column":17},"end":{"line":31,"column":36}}]},"29":{"type":"branch","line":31,"loc":{"start":{"line":31,"column":31},"end":{"line":31,"column":53}},"locations":[{"start":{"line":31,"column":31},"end":{"line":31,"column":53}}]},"30":{"type":"branch","line":31,"loc":{"start":{"line":31,"column":53},"end":{"line":31,"column":63}},"locations":[{"start":{"line":31,"column":53},"end":{"line":31,"column":63}}]}},"b":{"0":[10],"1":[1],"2":[9],"3":[1],"4":[8],"5":[1],"6":[6],"7":[1],"8":[5],"9":[1],"10":[3],"11":[1],"12":[2],"13":[15],"14":[1],"15":[10],"16":[1],"17":[4],"18":[1],"19":[2],"20":[0],"21":[0],"22":[0],"23":[3],"24":[1],"25":[1],"26":[1],"27":[2],"28":[1],"29":[1],"30":[1]},"fnMap":{"0":{"name":"getGiftsToRefill","decl":{"start":{"line":1,"column":32},"end":{"line":35,"column":1}},"loc":{"start":{"line":1,"column":32},"end":{"line":35,"column":1}},"line":1}},"f":{"0":10}}
,"/Users/rpxic/repos/adventjs/src/2022/07-getGiftsToRefill/mock.ts": {"path":"/Users/rpxic/repos/adventjs/src/2022/07-getGiftsToRefill/mock.ts","all":false,"statementMap":{"0":{"start":{"line":1,"column":0},"end":{"line":1,"column":51}},"1":{"start":{"line":2,"column":0},"end":{"line":2,"column":54}},"2":{"start":{"line":3,"column":0},"end":{"line":3,"column":38}},"3":{"start":{"line":4,"column":0},"end":{"line":4,"column":38}}},"s":{"0":1,"1":1,"2":1,"3":1},"branchMap":{},"b":{},"fnMap":{},"f":{}}
,"/Users/rpxic/repos/adventjs/src/2022/08-checkPart/checkPart.ts": {"path":"/Users/rpxic/repos/adventjs/src/2022/08-checkPart/checkPart.ts","all":false,"statementMap":{"0":{"start":{"line":1,"column":0},"end":{"line":1,"column":44}},"1":{"start":{"line":2,"column":0},"end":{"line":2,"column":63}},"2":{"start":{"line":3,"column":0},"end":{"line":3,"column":82}},"3":{"start":{"line":4,"column":0},"end":{"line":4,"column":0}},"4":{"start":{"line":5,"column":0},"end":{"line":5,"column":26}},"5":{"start":{"line":6,"column":0},"end":{"line":6,"column":29}},"6":{"start":{"line":7,"column":0},"end":{"line":7,"column":22}},"7":{"start":{"line":8,"column":0},"end":{"line":8,"column":20}},"8":{"start":{"line":9,"column":0},"end":{"line":9,"column":50}},"9":{"start":{"line":10,"column":0},"end":{"line":10,"column":4}},"10":{"start":{"line":11,"column":0},"end":{"line":11,"column":1}}},"s":{"0":1,"1":6,"2":6,"3":4,"4":4,"5":4,"6":14,"7":14,"8":14,"9":4,"10":4},"branchMap":{"0":{"type":"branch","line":1,"loc":{"start":{"line":1,"column":25},"end":{"line":11,"column":1}},"locations":[{"start":{"line":1,"column":25},"end":{"line":11,"column":1}}]},"1":{"type":"branch","line":2,"loc":{"start":{"line":2,"column":13},"end":{"line":2,"column":63}},"locations":[{"start":{"line":2,"column":13},"end":{"line":2,"column":63}}]},"2":{"type":"branch","line":2,"loc":{"start":{"line":2,"column":62},"end":{"line":3,"column":38}},"locations":[{"start":{"line":2,"column":62},"end":{"line":3,"column":38}}]},"3":{"type":"branch","line":3,"loc":{"start":{"line":3,"column":32},"end":{"line":3,"column":82}},"locations":[{"start":{"line":3,"column":32},"end":{"line":3,"column":82}}]},"4":{"type":"branch","line":3,"loc":{"start":{"line":3,"column":81},"end":{"line":11,"column":1}},"locations":[{"start":{"line":3,"column":81},"end":{"line":11,"column":1}}]},"5":{"type":"branch","line":6,"loc":{"start":{"line":6,"column":18},"end":{"line":10,"column":3}},"locations":[{"start":{"line":6,"column":18},"end":{"line":10,"column":3}}]}},"b":{"0":[6],"1":[1],"2":[5],"3":[1],"4":[4],"5":[14]},"fnMap":{"0":{"name":"checkPart","decl":{"start":{"line":1,"column":25},"end":{"line":11,"column":1}},"loc":{"start":{"line":1,"column":25},"end":{"line":11,"column":1}},"line":1}},"f":{"0":6}}
,"/Users/rpxic/repos/adventjs/src/2022/08-checkPart/mock.ts": {"path":"/Users/rpxic/repos/adventjs/src/2022/08-checkPart/mock.ts","all":false,"statementMap":{"0":{"start":{"line":1,"column":0},"end":{"line":1,"column":25}},"1":{"start":{"line":2,"column":0},"end":{"line":2,"column":29}},"2":{"start":{"line":3,"column":0},"end":{"line":3,"column":27}},"3":{"start":{"line":4,"column":0},"end":{"line":4,"column":32}},"4":{"start":{"line":5,"column":0},"end":{"line":5,"column":0}},"5":{"start":{"line":6,"column":0},"end":{"line":6,"column":23}},"6":{"start":{"line":7,"column":0},"end":{"line":7,"column":24}},"7":{"start":{"line":8,"column":0},"end":{"line":8,"column":25}},"8":{"start":{"line":9,"column":0},"end":{"line":9,"column":24}}},"s":{"0":1,"1":1,"2":1,"3":1,"4":1,"5":1,"6":1,"7":1,"8":1},"branchMap":{},"b":{},"fnMap":{},"f":{}}
,"/Users/rpxic/repos/adventjs/src/2022/09-countTime/countTime.ts": {"path":"/Users/rpxic/repos/adventjs/src/2022/09-countTime/countTime.ts","all":false,"statementMap":{"0":{"start":{"line":1,"column":0},"end":{"line":1,"column":46}},"1":{"start":{"line":2,"column":0},"end":{"line":2,"column":63}},"2":{"start":{"line":3,"column":0},"end":{"line":3,"column":78}},"3":{"start":{"line":4,"column":0},"end":{"line":4,"column":24}},"4":{"start":{"line":5,"column":0},"end":{"line":5,"column":79}},"5":{"start":{"line":6,"column":0},"end":{"line":6,"column":4}},"6":{"start":{"line":7,"column":0},"end":{"line":7,"column":33}},"7":{"start":{"line":8,"column":0},"end":{"line":8,"column":0}},"8":{"start":{"line":9,"column":0},"end":{"line":9,"column":17}},"9":{"start":{"line":10,"column":0},"end":{"line":10,"column":0}},"10":{"start":{"line":11,"column":0},"end":{"line":11,"column":34}},"11":{"start":{"line":12,"column":0},"end":{"line":12,"column":30}},"12":{"start":{"line":13,"column":0},"end":{"line":13,"column":29}},"13":{"start":{"line":14,"column":0},"end":{"line":14,"column":45}},"14":{"start":{"line":15,"column":0},"end":{"line":15,"column":25}},"15":{"start":{"line":16,"column":0},"end":{"line":16,"column":7}},"16":{"start":{"line":17,"column":0},"end":{"line":17,"column":6}},"17":{"start":{"line":18,"column":0},"end":{"line":18,"column":16}},"18":{"start":{"line":19,"column":0},"end":{"line":19,"column":49}},"19":{"start":{"line":20,"column":0},"end":{"line":20,"column":18}},"20":{"start":{"line":21,"column":0},"end":{"line":21,"column":3}},"21":{"start":{"line":22,"column":0},"end":{"line":22,"column":0}},"22":{"start":{"line":23,"column":0},"end":{"line":23,"column":25}},"23":{"start":{"line":24,"column":0},"end":{"line":24,"column":12}},"24":{"start":{"line":25,"column":0},"end":{"line":25,"column":1}}},"s":{"0":1,"1":6,"2":6,"3":4,"4":15,"5":4,"6":6,"7":3,"8":3,"9":3,"10":3,"11":8,"12":8,"13":37,"14":9,"15":9,"16":8,"17":8,"18":8,"19":8,"20":8,"21":3,"22":3,"23":3,"24":3},"branchMap":{"0":{"type":"branch","line":1,"loc":{"start":{"line":1,"column":25},"end":{"line":25,"column":1}},"locations":[{"start":{"line":1,"column":25},"end":{"line":25,"column":1}}]},"1":{"type":"branch","line":2,"loc":{"start":{"line":2,"column":13},"end":{"line":2,"column":63}},"locations":[{"start":{"line":2,"column":13},"end":{"line":2,"column":63}}]},"2":{"type":"branch","line":2,"loc":{"start":{"line":2,"column":62},"end":{"line":3,"column":34}},"locations":[{"start":{"line":2,"column":62},"end":{"line":3,"column":34}}]},"3":{"type":"branch","line":3,"loc":{"start":{"line":3,"column":28},"end":{"line":3,"column":78}},"locations":[{"start":{"line":3,"column":28},"end":{"line":3,"column":78}}]},"4":{"type":"branch","line":3,"loc":{"start":{"line":3,"column":77},"end":{"line":7,"column":32}},"locations":[{"start":{"line":3,"column":77},"end":{"line":7,"column":32}}]},"5":{"type":"branch","line":7,"loc":{"start":{"line":7,"column":25},"end":{"line":7,"column":33}},"locations":[{"start":{"line":7,"column":25},"end":{"line":7,"column":33}}]},"6":{"type":"branch","line":7,"loc":{"start":{"line":7,"column":32},"end":{"line":25,"column":1}},"locations":[{"start":{"line":7,"column":32},"end":{"line":25,"column":1}}]},"7":{"type":"branch","line":4,"loc":{"start":{"line":4,"column":15},"end":{"line":6,"column":3}},"locations":[{"start":{"line":4,"column":15},"end":{"line":6,"column":3}}]},"8":{"type":"branch","line":5,"loc":{"start":{"line":5,"column":32},"end":{"line":5,"column":79}},"locations":[{"start":{"line":5,"column":32},"end":{"line":5,"column":79}}]},"9":{"type":"branch","line":11,"loc":{"start":{"line":11,"column":2},"end":{"line":21,"column":3}},"locations":[{"start":{"line":11,"column":2},"end":{"line":21,"column":3}}]},"10":{"type":"branch","line":19,"loc":{"start":{"line":19,"column":32},"end":{"line":19,"column":49}},"locations":[{"start":{"line":19,"column":32},"end":{"line":19,"column":49}}]},"11":{"type":"branch","line":13,"loc":{"start":{"line":13,"column":17},"end":{"line":17,"column":5}},"locations":[{"start":{"line":13,"column":17},"end":{"line":17,"column":5}}]},"12":{"type":"branch","line":14,"loc":{"start":{"line":14,"column":17},"end":{"line":14,"column":44}},"locations":[{"start":{"line":14,"column":17},"end":{"line":14,"column":44}}]},"13":{"type":"branch","line":14,"loc":{"start":{"line":14,"column":44},"end":{"line":16,"column":7}},"locations":[{"start":{"line":14,"column":44},"end":{"line":16,"column":7}}]}},"b":{"0":[6],"1":[1],"2":[5],"3":[1],"4":[4],"5":[0],"6":[3],"7":[15],"8":[1],"9":[8],"10":[5],"11":[37],"12":[18],"13":[9]},"fnMap":{"0":{"name":"countTime","decl":{"start":{"line":1,"column":25},"end":{"line":25,"column":1}},"loc":{"start":{"line":1,"column":25},"end":{"line":25,"column":1}},"line":1},"1":{"name":"check","decl":{"start":{"line":11,"column":2},"end":{"line":21,"column":3}},"loc":{"start":{"line":11,"column":2},"end":{"line":21,"column":3}},"line":11}},"f":{"0":6,"1":8}}
,"/Users/rpxic/repos/adventjs/src/2022/09-countTime/mock.ts": {"path":"/Users/rpxic/repos/adventjs/src/2022/09-countTime/mock.ts","all":false,"statementMap":{"0":{"start":{"line":1,"column":0},"end":{"line":1,"column":35}},"1":{"start":{"line":2,"column":0},"end":{"line":2,"column":33}},"2":{"start":{"line":3,"column":0},"end":{"line":3,"column":36}},"3":{"start":{"line":4,"column":0},"end":{"line":4,"column":0}},"4":{"start":{"line":5,"column":0},"end":{"line":5,"column":20}},"5":{"start":{"line":6,"column":0},"end":{"line":6,"column":22}},"6":{"start":{"line":7,"column":0},"end":{"line":7,"column":22}}},"s":{"0":1,"1":1,"2":1,"3":1,"4":1,"5":1,"6":1},"branchMap":{},"b":{},"fnMap":{},"f":{}}
,"/Users/rpxic/repos/adventjs/src/2022/10-checkJump/checkJump.ts": {"path":"/Users/rpxic/repos/adventjs/src/2022/10-checkJump/checkJump.ts","all":false,"statementMap":{"0":{"start":{"line":1,"column":0},"end":{"line":1,"column":49}},"1":{"start":{"line":2,"column":0},"end":{"line":2,"column":69}},"2":{"start":{"line":3,"column":0},"end":{"line":3,"column":84}},"3":{"start":{"line":4,"column":0},"end":{"line":4,"column":27}},"4":{"start":{"line":5,"column":0},"end":{"line":5,"column":82}},"5":{"start":{"line":6,"column":0},"end":{"line":6,"column":4}},"6":{"start":{"line":7,"column":0},"end":{"line":7,"column":0}},"7":{"start":{"line":8,"column":0},"end":{"line":8,"column":35}},"8":{"start":{"line":9,"column":0},"end":{"line":9,"column":41}},"9":{"start":{"line":10,"column":0},"end":{"line":10,"column":0}},"10":{"start":{"line":11,"column":0},"end":{"line":11,"column":77}},"11":{"start":{"line":12,"column":0},"end":{"line":12,"column":77}},"12":{"start":{"line":13,"column":0},"end":{"line":13,"column":0}},"13":{"start":{"line":14,"column":0},"end":{"line":14,"column":62}},"14":{"start":{"line":15,"column":0},"end":{"line":15,"column":79}},"15":{"start":{"line":16,"column":0},"end":{"line":16,"column":0}},"16":{"start":{"line":17,"column":0},"end":{"line":17,"column":67}},"17":{"start":{"line":18,"column":0},"end":{"line":18,"column":84}},"18":{"start":{"line":19,"column":0},"end":{"line":19,"column":0}},"19":{"start":{"line":20,"column":0},"end":{"line":20,"column":73}},"20":{"start":{"line":21,"column":0},"end":{"line":21,"column":1}}},"s":{"0":1,"1":4,"2":4,"3":3,"4":12,"5":3,"6":3,"7":3,"8":3,"9":3,"10":3,"11":3,"12":3,"13":3,"14":3,"15":3,"16":3,"17":3,"18":3,"19":4,"20":4},"branchMap":{"0":{"type":"branch","line":1,"loc":{"start":{"line":1,"column":25},"end":{"line":21,"column":1}},"locations":[{"start":{"line":1,"column":25},"end":{"line":21,"column":1}}]},"1":{"type":"branch","line":2,"loc":{"start":{"line":2,"column":16},"end":{"line":2,"column":69}},"locations":[{"start":{"line":2,"column":16},"end":{"line":2,"column":69}}]},"2":{"type":"branch","line":2,"loc":{"start":{"line":2,"column":68},"end":{"line":3,"column":37}},"locations":[{"start":{"line":2,"column":68},"end":{"line":3,"column":37}}]},"3":{"type":"branch","line":3,"loc":{"start":{"line":3,"column":31},"end":{"line":3,"column":84}},"locations":[{"start":{"line":3,"column":31},"end":{"line":3,"column":84}}]},"4":{"type":"branch","line":3,"loc":{"start":{"line":3,"column":83},"end":{"line":20,"column":29}},"locations":[{"start":{"line":3,"column":83},"end":{"line":20,"column":29}}]},"5":{"type":"branch","line":20,"loc":{"start":{"line":20,"column":19},"end":{"line":20,"column":53}},"locations":[{"start":{"line":20,"column":19},"end":{"line":20,"column":53}}]},"6":{"type":"branch","line":20,"loc":{"start":{"line":20,"column":48},"end":{"line":20,"column":73}},"locations":[{"start":{"line":20,"column":48},"end":{"line":20,"column":73}}]},"7":{"type":"branch","line":4,"loc":{"start":{"line":4,"column":18},"end":{"line":6,"column":3}},"locations":[{"start":{"line":4,"column":18},"end":{"line":6,"column":3}}]},"8":{"type":"branch","line":5,"loc":{"start":{"line":5,"column":32},"end":{"line":5,"column":82}},"locations":[{"start":{"line":5,"column":32},"end":{"line":5,"column":82}}]},"9":{"type":"branch","line":11,"loc":{"start":{"line":11,"column":24},"end":{"line":11,"column":77}},"locations":[{"start":{"line":11,"column":24},"end":{"line":11,"column":77}}]},"10":{"type":"branch","line":11,"loc":{"start":{"line":11,"column":52},"end":{"line":11,"column":67}},"locations":[{"start":{"line":11,"column":52},"end":{"line":11,"column":67}}]},"11":{"type":"branch","line":12,"loc":{"start":{"line":12,"column":24},"end":{"line":12,"column":77}},"locations":[{"start":{"line":12,"column":24},"end":{"line":12,"column":77}}]},"12":{"type":"branch","line":12,"loc":{"start":{"line":12,"column":52},"end":{"line":12,"column":67}},"locations":[{"start":{"line":12,"column":52},"end":{"line":12,"column":67}}]}},"b":{"0":[4],"1":[1],"2":[3],"3":[0],"4":[3],"5":[2],"6":[2],"7":[12],"8":[0],"9":[3],"10":[1],"11":[3],"12":[2]},"fnMap":{"0":{"name":"checkJump","decl":{"start":{"line":1,"column":25},"end":{"line":21,"column":1}},"loc":{"start":{"line":1,"column":25},"end":{"line":21,"column":1}},"line":1},"1":{"name":"sortStringAsc","decl":{"start":{"line":11,"column":24},"end":{"line":11,"column":77}},"loc":{"start":{"line":11,"column":24},"end":{"line":11,"column":77}},"line":11},"2":{"name":"sortStringDes","decl":{"start":{"line":12,"column":24},"end":{"line":12,"column":77}},"loc":{"start":{"line":12,"column":24},"end":{"line":12,"column":77}},"line":12}},"f":{"0":4,"1":3,"2":3}}
,"/Users/rpxic/repos/adventjs/src/2022/10-checkJump/mock.ts": {"path":"/Users/rpxic/repos/adventjs/src/2022/10-checkJump/mock.ts","all":false,"statementMap":{"0":{"start":{"line":1,"column":0},"end":{"line":1,"column":38}},"1":{"start":{"line":2,"column":0},"end":{"line":2,"column":36}},"2":{"start":{"line":3,"column":0},"end":{"line":3,"column":33}},"3":{"start":{"line":4,"column":0},"end":{"line":4,"column":0}},"4":{"start":{"line":5,"column":0},"end":{"line":5,"column":23}},"5":{"start":{"line":6,"column":0},"end":{"line":6,"column":25}},"6":{"start":{"line":7,"column":0},"end":{"line":7,"column":24}}},"s":{"0":1,"1":1,"2":1,"3":1,"4":1,"5":1,"6":1},"branchMap":{},"b":{},"fnMap":{},"f":{}}
,"/Users/rpxic/repos/adventjs/src/2022/11-getCompleted/getCompleted.ts": {"path":"/Users/rpxic/repos/adventjs/src/2022/11-getCompleted/getCompleted.ts","all":false,"statementMap":{"0":{"start":{"line":1,"column":0},"end":{"line":1,"column":62}},"1":{"start":{"line":2,"column":0},"end":{"line":2,"column":63}},"2":{"start":{"line":3,"column":0},"end":{"line":3,"column":65}},"3":{"start":{"line":4,"column":0},"end":{"line":4,"column":82}},"4":{"start":{"line":5,"column":0},"end":{"line":5,"column":84}},"5":{"start":{"line":6,"column":0},"end":{"line":6,"column":0}},"6":{"start":{"line":7,"column":0},"end":{"line":7,"column":46}},"7":{"start":{"line":8,"column":0},"end":{"line":8,"column":39}},"8":{"start":{"line":9,"column":0},"end":{"line":9,"column":34}},"9":{"start":{"line":10,"column":0},"end":{"line":10,"column":5}},"10":{"start":{"line":11,"column":0},"end":{"line":11,"column":37}},"11":{"start":{"line":12,"column":0},"end":{"line":12,"column":52}},"12":{"start":{"line":13,"column":0},"end":{"line":13,"column":3}},"13":{"start":{"line":14,"column":0},"end":{"line":14,"column":0}},"14":{"start":{"line":15,"column":0},"end":{"line":15,"column":31}},"15":{"start":{"line":16,"column":0},"end":{"line":16,"column":24}},"16":{"start":{"line":17,"column":0},"end":{"line":17,"column":49}},"17":{"start":{"line":18,"column":0},"end":{"line":18,"column":3}},"18":{"start":{"line":19,"column":0},"end":{"line":19,"column":0}},"19":{"start":{"line":20,"column":0},"end":{"line":20,"column":28}},"20":{"start":{"line":21,"column":0},"end":{"line":21,"column":29}},"21":{"start":{"line":22,"column":0},"end":{"line":22,"column":0}},"22":{"start":{"line":23,"column":0},"end":{"line":23,"column":21}},"23":{"start":{"line":24,"column":0},"end":{"line":24,"column":1}}},"s":{"0":1,"1":11,"2":11,"3":11,"4":11,"5":6,"6":6,"7":6,"8":19,"9":19,"10":6,"11":6,"12":6,"13":6,"14":6,"15":12,"16":12,"17":12,"18":6,"19":6,"20":6,"21":6,"22":6,"23":6},"branchMap":{"0":{"type":"branch","line":1,"loc":{"start":{"line":1,"column":28},"end":{"line":24,"column":1}},"locations":[{"start":{"line":1,"column":28},"end":{"line":24,"column":1}}]},"1":{"type":"branch","line":2,"loc":{"start":{"line":2,"column":13},"end":{"line":2,"column":63}},"locations":[{"start":{"line":2,"column":13},"end":{"line":2,"column":63}}]},"2":{"type":"branch","line":2,"loc":{"start":{"line":2,"column":62},"end":{"line":3,"column":20}},"locations":[{"start":{"line":2,"column":62},"end":{"line":3,"column":20}}]},"3":{"type":"branch","line":3,"loc":{"start":{"line":3,"column":14},"end":{"line":3,"column":65}},"locations":[{"start":{"line":3,"column":14},"end":{"line":3,"column":65}}]},"4":{"type":"branch","line":3,"loc":{"start":{"line":3,"column":64},"end":{"line":4,"column":38}},"locations":[{"start":{"line":3,"column":64},"end":{"line":4,"column":38}}]},"5":{"type":"branch","line":4,"loc":{"start":{"line":4,"column":32},"end":{"line":4,"column":82}},"locations":[{"start":{"line":4,"column":32},"end":{"line":4,"column":82}}]},"6":{"type":"branch","line":4,"loc":{"start":{"line":4,"column":81},"end":{"line":5,"column":39}},"locations":[{"start":{"line":4,"column":81},"end":{"line":5,"column":39}}]},"7":{"type":"branch","line":5,"loc":{"start":{"line":5,"column":33},"end":{"line":5,"column":84}},"locations":[{"start":{"line":5,"column":33},"end":{"line":5,"column":84}}]},"8":{"type":"branch","line":5,"loc":{"start":{"line":5,"column":83},"end":{"line":24,"column":1}},"locations":[{"start":{"line":5,"column":83},"end":{"line":24,"column":1}}]},"9":{"type":"branch","line":7,"loc":{"start":{"line":7,"column":17},"end":{"line":13,"column":3}},"locations":[{"start":{"line":7,"column":17},"end":{"line":13,"column":3}}]},"10":{"type":"branch","line":8,"loc":{"start":{"line":8,"column":19},"end":{"line":10,"column":5}},"locations":[{"start":{"line":8,"column":19},"end":{"line":10,"column":5}}]},"11":{"type":"branch","line":9,"loc":{"start":{"line":9,"column":13},"end":{"line":9,"column":33}},"locations":[{"start":{"line":9,"column":13},"end":{"line":9,"column":33}}]},"12":{"type":"branch","line":9,"loc":{"start":{"line":9,"column":29},"end":{"line":9,"column":34}},"locations":[{"start":{"line":9,"column":29},"end":{"line":9,"column":34}}]},"13":{"type":"branch","line":15,"loc":{"start":{"line":15,"column":23},"end":{"line":18,"column":3}},"locations":[{"start":{"line":15,"column":23},"end":{"line":18,"column":3}}]},"14":{"type":"branch","line":17,"loc":{"start":{"line":17,"column":42},"end":{"line":17,"column":49}},"locations":[{"start":{"line":17,"column":42},"end":{"line":17,"column":49}}]}},"b":{"0":[11],"1":[2],"2":[9],"3":[1],"4":[8],"5":[1],"6":[7],"7":[1],"8":[6],"9":[6],"10":[19],"11":[13],"12":[6],"13":[12],"14":[8]},"fnMap":{"0":{"name":"getCompleted","decl":{"start":{"line":1,"column":28},"end":{"line":24,"column":1}},"loc":{"start":{"line":1,"column":28},"end":{"line":24,"column":1}},"line":1},"1":{"name":"reduce","decl":{"start":{"line":7,"column":17},"end":{"line":13,"column":3}},"loc":{"start":{"line":7,"column":17},"end":{"line":13,"column":3}},"line":7},"2":{"name":"gcd2","decl":{"start":{"line":8,"column":19},"end":{"line":10,"column":5}},"loc":{"start":{"line":8,"column":19},"end":{"line":10,"column":5}},"line":8},"3":{"name":"hmsToSeconds","decl":{"start":{"line":15,"column":23},"end":{"line":18,"column":3}},"loc":{"start":{"line":15,"column":23},"end":{"line":18,"column":3}},"line":15}},"f":{"0":11,"1":6,"2":19,"3":12}}
,"/Users/rpxic/repos/adventjs/src/2022/11-getCompleted/mock.ts": {"path":"/Users/rpxic/repos/adventjs/src/2022/11-getCompleted/mock.ts","all":false,"statementMap":{"0":{"start":{"line":1,"column":0},"end":{"line":1,"column":30}},"1":{"start":{"line":2,"column":0},"end":{"line":2,"column":31}},"2":{"start":{"line":3,"column":0},"end":{"line":3,"column":24}},"3":{"start":{"line":4,"column":0},"end":{"line":4,"column":0}},"4":{"start":{"line":5,"column":0},"end":{"line":5,"column":31}},"5":{"start":{"line":6,"column":0},"end":{"line":6,"column":32}},"6":{"start":{"line":7,"column":0},"end":{"line":7,"column":25}},"7":{"start":{"line":8,"column":0},"end":{"line":8,"column":0}},"8":{"start":{"line":9,"column":0},"end":{"line":9,"column":31}},"9":{"start":{"line":10,"column":0},"end":{"line":10,"column":32}},"10":{"start":{"line":11,"column":0},"end":{"line":11,"column":25}},"11":{"start":{"line":12,"column":0},"end":{"line":12,"column":0}},"12":{"start":{"line":13,"column":0},"end":{"line":13,"column":31}},"13":{"start":{"line":14,"column":0},"end":{"line":14,"column":32}},"14":{"start":{"line":15,"column":0},"end":{"line":15,"column":25}},"15":{"start":{"line":16,"column":0},"end":{"line":16,"column":0}},"16":{"start":{"line":17,"column":0},"end":{"line":17,"column":31}},"17":{"start":{"line":18,"column":0},"end":{"line":18,"column":32}},"18":{"start":{"line":19,"column":0},"end":{"line":19,"column":25}},"19":{"start":{"line":20,"column":0},"end":{"line":20,"column":0}},"20":{"start":{"line":21,"column":0},"end":{"line":21,"column":31}},"21":{"start":{"line":22,"column":0},"end":{"line":22,"column":32}},"22":{"start":{"line":23,"column":0},"end":{"line":23,"column":25}}},"s":{"0":1,"1":1,"2":1,"3":1,"4":1,"5":1,"6":1,"7":1,"8":1,"9":1,"10":1,"11":1,"12":1,"13":1,"14":1,"15":1,"16":1,"17":1,"18":1,"19":1,"20":1,"21":1,"22":1},"branchMap":{},"b":{},"fnMap":{},"f":{}}
,"/Users/rpxic/repos/adventjs/src/2022/12-selectSleigh/mock.ts": {"path":"/Users/rpxic/repos/adventjs/src/2022/12-selectSleigh/mock.ts","all":false,"statementMap":{"0":{"start":{"line":1,"column":0},"end":{"line":1,"column":26}},"1":{"start":{"line":2,"column":0},"end":{"line":2,"column":24}},"2":{"start":{"line":3,"column":0},"end":{"line":3,"column":39}},"3":{"start":{"line":4,"column":0},"end":{"line":4,"column":39}},"4":{"start":{"line":5,"column":0},"end":{"line":5,"column":40}},"5":{"start":{"line":6,"column":0},"end":{"line":6,"column":34}},"6":{"start":{"line":7,"column":0},"end":{"line":7,"column":1}},"7":{"start":{"line":8,"column":0},"end":{"line":8,"column":27}}},"s":{"0":1,"1":1,"2":1,"3":1,"4":1,"5":1,"6":1,"7":1},"branchMap":{},"b":{},"fnMap":{},"f":{}}
,"/Users/rpxic/repos/adventjs/src/2022/12-selectSleigh/selectSleigh.ts": {"path":"/Users/rpxic/repos/adventjs/src/2022/12-selectSleigh/selectSleigh.ts","all":false,"statementMap":{"0":{"start":{"line":1,"column":0},"end":{"line":1,"column":18}},"1":{"start":{"line":2,"column":0},"end":{"line":2,"column":14}},"2":{"start":{"line":3,"column":0},"end":{"line":3,"column":21}},"3":{"start":{"line":4,"column":0},"end":{"line":4,"column":1}},"4":{"start":{"line":5,"column":0},"end":{"line":5,"column":0}},"5":{"start":{"line":6,"column":0},"end":{"line":6,"column":68}},"6":{"start":{"line":7,"column":0},"end":{"line":7,"column":71}},"7":{"start":{"line":8,"column":0},"end":{"line":8,"column":69}},"8":{"start":{"line":9,"column":0},"end":{"line":9,"column":84}},"9":{"start":{"line":10,"column":0},"end":{"line":10,"column":82}},"10":{"start":{"line":11,"column":0},"end":{"line":11,"column":0}},"11":{"start":{"line":12,"column":0},"end":{"line":12,"column":93}},"12":{"start":{"line":13,"column":0},"end":{"line":13,"column":55}},"13":{"start":{"line":14,"column":0},"end":{"line":14,"column":1}}},"s":{"0":1,"1":1,"2":1,"3":1,"4":1,"5":1,"6":6,"7":6,"8":6,"9":6,"10":2,"11":2,"12":6,"13":6},"branchMap":{"0":{"type":"branch","line":6,"loc":{"start":{"line":6,"column":28},"end":{"line":14,"column":1}},"locations":[{"start":{"line":6,"column":28},"end":{"line":14,"column":1}}]},"1":{"type":"branch","line":7,"loc":{"start":{"line":7,"column":17},"end":{"line":7,"column":71}},"locations":[{"start":{"line":7,"column":17},"end":{"line":7,"column":71}}]},"2":{"type":"branch","line":7,"loc":{"start":{"line":7,"column":70},"end":{"line":8,"column":22}},"locations":[{"start":{"line":7,"column":70},"end":{"line":8,"column":22}}]},"3":{"type":"branch","line":8,"loc":{"start":{"line":8,"column":16},"end":{"line":8,"column":69}},"locations":[{"start":{"line":8,"column":16},"end":{"line":8,"column":69}}]},"4":{"type":"branch","line":8,"loc":{"start":{"line":8,"column":68},"end":{"line":9,"column":37}},"locations":[{"start":{"line":8,"column":68},"end":{"line":9,"column":37}}]},"5":{"type":"branch","line":9,"loc":{"start":{"line":9,"column":31},"end":{"line":9,"column":84}},"locations":[{"start":{"line":9,"column":31},"end":{"line":9,"column":84}}]},"6":{"type":"branch","line":9,"loc":{"start":{"line":9,"column":83},"end":{"line":10,"column":32}},"locations":[{"start":{"line":9,"column":83},"end":{"line":10,"column":32}}]},"7":{"type":"branch","line":10,"loc":{"start":{"line":10,"column":26},"end":{"line":10,"column":82}},"locations":[{"start":{"line":10,"column":26},"end":{"line":10,"column":82}}]},"8":{"type":"branch","line":10,"loc":{"start":{"line":10,"column":81},"end":{"line":13,"column":51}},"locations":[{"start":{"line":10,"column":81},"end":{"line":13,"column":51}}]},"9":{"type":"branch","line":13,"loc":{"start":{"line":13,"column":43},"end":{"line":13,"column":55}},"locations":[{"start":{"line":13,"column":43},"end":{"line":13,"column":55}}]},"10":{"type":"branch","line":12,"loc":{"start":{"line":12,"column":46},"end":{"line":12,"column":92}},"locations":[{"start":{"line":12,"column":46},"end":{"line":12,"column":92}}]}},"b":{"0":[6],"1":[2],"2":[4],"3":[1],"4":[3],"5":[1],"6":[2],"7":[0],"8":[2],"9":[0],"10":[4]},"fnMap":{"0":{"name":"selectSleigh","decl":{"start":{"line":6,"column":28},"end":{"line":14,"column":1}},"loc":{"start":{"line":6,"column":28},"end":{"line":14,"column":1}},"line":6}},"f":{"0":6}}
,"/Users/rpxic/repos/adventjs/src/2022/13-getFilesToBackup/getFilesToBackup.ts": {"path":"/Users/rpxic/repos/adventjs/src/2022/13-getFilesToBackup/getFilesToBackup.ts","all":false,"statementMap":{"0":{"start":{"line":1,"column":0},"end":{"line":1,"column":78}},"1":{"start":{"line":2,"column":0},"end":{"line":2,"column":75}},"2":{"start":{"line":3,"column":0},"end":{"line":3,"column":94}},"3":{"start":{"line":4,"column":0},"end":{"line":4,"column":69}},"4":{"start":{"line":5,"column":0},"end":{"line":5,"column":84}},"5":{"start":{"line":6,"column":0},"end":{"line":6,"column":79}},"6":{"start":{"line":7,"column":0},"end":{"line":7,"column":27}},"7":{"start":{"line":8,"column":0},"end":{"line":8,"column":87}},"8":{"start":{"line":9,"column":0},"end":{"line":9,"column":27}},"9":{"start":{"line":10,"column":0},"end":{"line":10,"column":107}},"10":{"start":{"line":11,"column":0},"end":{"line":11,"column":6}},"11":{"start":{"line":12,"column":0},"end":{"line":12,"column":4}},"12":{"start":{"line":13,"column":0},"end":{"line":13,"column":0}},"13":{"start":{"line":14,"column":0},"end":{"line":14,"column":18}},"14":{"start":{"line":15,"column":0},"end":{"line":15,"column":0}},"15":{"start":{"line":16,"column":0},"end":{"line":16,"column":40}},"16":{"start":{"line":17,"column":0},"end":{"line":17,"column":69}},"17":{"start":{"line":18,"column":0},"end":{"line":18,"column":4}},"18":{"start":{"line":19,"column":0},"end":{"line":19,"column":0}},"19":{"start":{"line":20,"column":0},"end":{"line":20,"column":36}},"20":{"start":{"line":21,"column":0},"end":{"line":21,"column":1}}},"s":{"0":1,"1":4,"2":4,"3":4,"4":4,"5":4,"6":1,"7":5,"8":5,"9":10,"10":5,"11":1,"12":1,"13":1,"14":1,"15":1,"16":5,"17":1,"18":1,"19":1,"20":1},"branchMap":{"0":{"type":"branch","line":1,"loc":{"start":{"line":1,"column":32},"end":{"line":21,"column":1}},"locations":[{"start":{"line":1,"column":32},"end":{"line":21,"column":1}}]},"1":{"type":"branch","line":2,"loc":{"start":{"line":2,"column":19},"end":{"line":2,"column":75}},"locations":[{"start":{"line":2,"column":19},"end":{"line":2,"column":75}}]},"2":{"type":"branch","line":2,"loc":{"start":{"line":2,"column":74},"end":{"line":3,"column":44}},"locations":[{"start":{"line":2,"column":74},"end":{"line":3,"column":44}}]},"3":{"type":"branch","line":3,"loc":{"start":{"line":3,"column":38},"end":{"line":3,"column":94}},"locations":[{"start":{"line":3,"column":38},"end":{"line":3,"column":94}}]},"4":{"type":"branch","line":3,"loc":{"start":{"line":3,"column":93},"end":{"line":4,"column":22}},"locations":[{"start":{"line":3,"column":93},"end":{"line":4,"column":22}}]},"5":{"type":"branch","line":4,"loc":{"start":{"line":4,"column":16},"end":{"line":5,"column":37}},"locations":[{"start":{"line":4,"column":16},"end":{"line":5,"column":37}}]},"6":{"type":"branch","line":5,"loc":{"start":{"line":5,"column":31},"end":{"line":5,"column":84}},"locations":[{"start":{"line":5,"column":31},"end":{"line":5,"column":84}}]},"7":{"type":"branch","line":5,"loc":{"start":{"line":5,"column":83},"end":{"line":6,"column":32}},"locations":[{"start":{"line":5,"column":83},"end":{"line":6,"column":32}}]},"8":{"type":"branch","line":6,"loc":{"start":{"line":6,"column":26},"end":{"line":6,"column":79}},"locations":[{"start":{"line":6,"column":26},"end":{"line":6,"column":79}}]},"9":{"type":"branch","line":6,"loc":{"start":{"line":6,"column":78},"end":{"line":21,"column":1}},"locations":[{"start":{"line":6,"column":78},"end":{"line":21,"column":1}}]},"10":{"type":"branch","line":7,"loc":{"start":{"line":7,"column":18},"end":{"line":12,"column":3}},"locations":[{"start":{"line":7,"column":18},"end":{"line":12,"column":3}}]},"11":{"type":"branch","line":8,"loc":{"start":{"line":8,"column":28},"end":{"line":8,"column":87}},"locations":[{"start":{"line":8,"column":28},"end":{"line":8,"column":87}}]},"12":{"type":"branch","line":9,"loc":{"start":{"line":9,"column":15},"end":{"line":11,"column":5}},"locations":[{"start":{"line":9,"column":15},"end":{"line":11,"column":5}}]},"13":{"type":"branch","line":10,"loc":{"start":{"line":10,"column":37},"end":{"line":10,"column":107}},"locations":[{"start":{"line":10,"column":37},"end":{"line":10,"column":107}}]},"14":{"type":"branch","line":16,"loc":{"start":{"line":16,"column":18},"end":{"line":18,"column":3}},"locations":[{"start":{"line":16,"column":18},"end":{"line":18,"column":3}}]},"15":{"type":"branch","line":17,"loc":{"start":{"line":17,"column":21},"end":{"line":17,"column":55}},"locations":[{"start":{"line":17,"column":21},"end":{"line":17,"column":55}}]},"16":{"type":"branch","line":17,"loc":{"start":{"line":17,"column":55},"end":{"line":17,"column":69}},"locations":[{"start":{"line":17,"column":55},"end":{"line":17,"column":69}}]},"17":{"type":"branch","line":20,"loc":{"start":{"line":20,"column":20},"end":{"line":20,"column":35}},"locations":[{"start":{"line":20,"column":20},"end":{"line":20,"column":35}}]}},"b":{"0":[4],"1":[1],"2":[3],"3":[1],"4":[2],"5":[1],"6":[0],"7":[1],"8":[0],"9":[1],"10":[5],"11":[0],"12":[10],"13":[0],"14":[5],"15":[3],"16":[2],"17":[1]},"fnMap":{"0":{"name":"getFilesToBackup","decl":{"start":{"line":1,"column":32},"end":{"line":21,"column":1}},"loc":{"start":{"line":1,"column":32},"end":{"line":21,"column":1}},"line":1}},"f":{"0":4}}
[...]
,"/Users/rpxic/repos/adventjs/src/2022/23-executeCommands/executeCommands.ts": {"path":"/Users/rpxic/repos/adventjs/src/2022/23-executeCommands/executeCommands.ts","all":false,"statementMap":{"0":{"start":{"line":1,"column":0},"end":{"line":1,"column":56}},"1":{"start":{"line":2,"column":0},"end":{"line":2,"column":71}},"2":{"start":{"line":3,"column":0},"end":{"line":3,"column":86}},"3":{"start":{"line":4,"column":0},"end":{"line":4,"column":81}},"4":{"start":{"line":5,"column":0},"end":{"line":5,"column":28}},"5":{"start":{"line":6,"column":0},"end":{"line":6,"column":83}},"6":{"start":{"line":7,"column":0},"end":{"line":7,"column":4}},"7":{"start":{"line":8,"column":0},"end":{"line":8,"column":0}},"8":{"start":{"line":9,"column":0},"end":{"line":9,"column":41}},"9":{"start":{"line":10,"column":0},"end":{"line":10,"column":0}},"10":{"start":{"line":11,"column":0},"end":{"line":11,"column":70}},"11":{"start":{"line":12,"column":0},"end":{"line":12,"column":28}},"12":{"start":{"line":13,"column":0},"end":{"line":13,"column":27}},"13":{"start":{"line":14,"column":0},"end":{"line":14,"column":54}},"14":{"start":{"line":15,"column":0},"end":{"line":15,"column":26}},"15":{"start":{"line":16,"column":0},"end":{"line":16,"column":5}},"16":{"start":{"line":17,"column":0},"end":{"line":17,"column":28}},"17":{"start":{"line":18,"column":0},"end":{"line":18,"column":27}},"18":{"start":{"line":19,"column":0},"end":{"line":19,"column":54}},"19":{"start":{"line":20,"column":0},"end":{"line":20,"column":26}},"20":{"start":{"line":21,"column":0},"end":{"line":21,"column":5}},"21":{"start":{"line":22,"column":0},"end":{"line":22,"column":28}},"22":{"start":{"line":23,"column":0},"end":{"line":23,"column":43}},"23":{"start":{"line":24,"column":0},"end":{"line":24,"column":0}},"24":{"start":{"line":25,"column":0},"end":{"line":25,"column":28}},"25":{"start":{"line":26,"column":0},"end":{"line":26,"column":29}},"26":{"start":{"line":27,"column":0},"end":{"line":27,"column":43}},"27":{"start":{"line":28,"column":0},"end":{"line":28,"column":14}},"28":{"start":{"line":29,"column":0},"end":{"line":29,"column":29}},"29":{"start":{"line":30,"column":0},"end":{"line":30,"column":40}},"30":{"start":{"line":31,"column":0},"end":{"line":31,"column":7}},"31":{"start":{"line":32,"column":0},"end":{"line":32,"column":5}},"32":{"start":{"line":33,"column":0},"end":{"line":33,"column":28}},"33":{"start":{"line":34,"column":0},"end":{"line":34,"column":43}},"34":{"start":{"line":35,"column":0},"end":{"line":35,"column":0}},"35":{"start":{"line":36,"column":0},"end":{"line":36,"column":50}},"36":{"start":{"line":37,"column":0},"end":{"line":37,"column":22}},"37":{"start":{"line":38,"column":0},"end":{"line":38,"column":41}},"38":{"start":{"line":39,"column":0},"end":{"line":39,"column":14}},"39":{"start":{"line":40,"column":0},"end":{"line":40,"column":35}},"40":{"start":{"line":41,"column":0},"end":{"line":41,"column":7}},"41":{"start":{"line":42,"column":0},"end":{"line":42,"column":5}},"42":{"start":{"line":43,"column":0},"end":{"line":43,"column":28}},"43":{"start":{"line":44,"column":0},"end":{"line":44,"column":28}},"44":{"start":{"line":45,"column":0},"end":{"line":45,"column":79}},"45":{"start":{"line":46,"column":0},"end":{"line":46,"column":35}},"46":{"start":{"line":47,"column":0},"end":{"line":47,"column":7}},"47":{"start":{"line":48,"column":0},"end":{"line":48,"column":5}},"48":{"start":{"line":49,"column":0},"end":{"line":49,"column":3}},"49":{"start":{"line":50,"column":0},"end":{"line":50,"column":0}},"50":{"start":{"line":51,"column":0},"end":{"line":51,"column":30}},"51":{"start":{"line":52,"column":0},"end":{"line":52,"column":30}},"52":{"start":{"line":53,"column":0},"end":{"line":53,"column":46}},"53":{"start":{"line":54,"column":0},"end":{"line":54,"column":31}},"54":{"start":{"line":55,"column":0},"end":{"line":55,"column":6}},"55":{"start":{"line":56,"column":0},"end":{"line":56,"column":3}},"56":{"start":{"line":57,"column":0},"end":{"line":57,"column":0}},"57":{"start":{"line":58,"column":0},"end":{"line":58,"column":19}},"58":{"start":{"line":59,"column":0},"end":{"line":59,"column":0}},"59":{"start":{"line":60,"column":0},"end":{"line":60,"column":15}},"60":{"start":{"line":61,"column":0},"end":{"line":61,"column":1}}},"s":{"0":1,"1":8,"2":8,"3":8,"4":5,"5":19,"6":5,"7":5,"8":5,"9":5,"10":5,"11":45,"12":12,"13":12,"14":11,"15":11,"16":45,"17":13,"18":13,"19":12,"20":12,"21":45,"22":9,"23":9,"24":9,"25":4,"26":4,"27":9,"28":5,"29":5,"30":5,"31":9,"32":45,"33":1,"34":1,"35":1,"36":1,"37":0,"38":1,"39":1,"40":1,"41":1,"42":10,"43":10,"44":9,"45":9,"46":9,"47":10,"48":45,"49":5,"50":5,"51":13,"52":45,"53":45,"54":13,"55":13,"56":5,"57":5,"58":5,"59":5,"60":5},"branchMap":{"0":{"type":"branch","line":1,"loc":{"start":{"line":1,"column":31},"end":{"line":61,"column":1}},"locations":[{"start":{"line":1,"column":31},"end":{"line":61,"column":1}}]},"1":{"type":"branch","line":2,"loc":{"start":{"line":2,"column":17},"end":{"line":2,"column":71}},"locations":[{"start":{"line":2,"column":17},"end":{"line":2,"column":71}}]},"2":{"type":"branch","line":2,"loc":{"start":{"line":2,"column":70},"end":{"line":3,"column":38}},"locations":[{"start":{"line":2,"column":70},"end":{"line":3,"column":38}}]},"3":{"type":"branch","line":3,"loc":{"start":{"line":3,"column":32},"end":{"line":3,"column":86}},"locations":[{"start":{"line":3,"column":32},"end":{"line":3,"column":86}}]},"4":{"type":"branch","line":3,"loc":{"start":{"line":3,"column":85},"end":{"line":4,"column":33}},"locations":[{"start":{"line":3,"column":85},"end":{"line":4,"column":33}}]},"5":{"type":"branch","line":4,"loc":{"start":{"line":4,"column":27},"end":{"line":4,"column":81}},"locations":[{"start":{"line":4,"column":27},"end":{"line":4,"column":81}}]},"6":{"type":"branch","line":4,"loc":{"start":{"line":4,"column":80},"end":{"line":61,"column":1}},"locations":[{"start":{"line":4,"column":80},"end":{"line":61,"column":1}}]},"7":{"type":"branch","line":5,"loc":{"start":{"line":5,"column":19},"end":{"line":7,"column":3}},"locations":[{"start":{"line":5,"column":19},"end":{"line":7,"column":3}}]},"8":{"type":"branch","line":6,"loc":{"start":{"line":6,"column":32},"end":{"line":6,"column":83}},"locations":[{"start":{"line":6,"column":32},"end":{"line":6,"column":83}}]},"9":{"type":"branch","line":11,"loc":{"start":{"line":11,"column":2},"end":{"line":49,"column":3}},"locations":[{"start":{"line":11,"column":2},"end":{"line":49,"column":3}}]},"10":{"type":"branch","line":12,"loc":{"start":{"line":12,"column":27},"end":{"line":16,"column":5}},"locations":[{"start":{"line":12,"column":27},"end":{"line":16,"column":5}}]},"11":{"type":"branch","line":14,"loc":{"start":{"line":14,"column":30},"end":{"line":14,"column":54}},"locations":[{"start":{"line":14,"column":30},"end":{"line":14,"column":54}}]},"12":{"type":"branch","line":14,"loc":{"start":{"line":14,"column":52},"end":{"line":16,"column":5}},"locations":[{"start":{"line":14,"column":52},"end":{"line":16,"column":5}}]},"13":{"type":"branch","line":16,"loc":{"start":{"line":16,"column":4},"end":{"line":17,"column":27}},"locations":[{"start":{"line":16,"column":4},"end":{"line":17,"column":27}}]},"14":{"type":"branch","line":17,"loc":{"start":{"line":17,"column":27},"end":{"line":21,"column":5}},"locations":[{"start":{"line":17,"column":27},"end":{"line":21,"column":5}}]},"15":{"type":"branch","line":19,"loc":{"start":{"line":19,"column":28},"end":{"line":19,"column":54}},"locations":[{"start":{"line":19,"column":28},"end":{"line":19,"column":54}}]},"16":{"type":"branch","line":19,"loc":{"start":{"line":19,"column":50},"end":{"line":21,"column":5}},"locations":[{"start":{"line":19,"column":50},"end":{"line":21,"column":5}}]},"17":{"type":"branch","line":21,"loc":{"start":{"line":21,"column":4},"end":{"line":22,"column":27}},"locations":[{"start":{"line":21,"column":4},"end":{"line":22,"column":27}}]},"18":{"type":"branch","line":22,"loc":{"start":{"line":22,"column":27},"end":{"line":32,"column":5}},"locations":[{"start":{"line":22,"column":27},"end":{"line":32,"column":5}}]},"19":{"type":"branch","line":25,"loc":{"start":{"line":25,"column":27},"end":{"line":28,"column":13}},"locations":[{"start":{"line":25,"column":27},"end":{"line":28,"column":13}}]},"20":{"type":"branch","line":28,"loc":{"start":{"line":28,"column":6},"end":{"line":31,"column":7}},"locations":[{"start":{"line":28,"column":6},"end":{"line":31,"column":7}}]},"21":{"type":"branch","line":32,"loc":{"start":{"line":32,"column":4},"end":{"line":33,"column":27}},"locations":[{"start":{"line":32,"column":4},"end":{"line":33,"column":27}}]},"22":{"type":"branch","line":33,"loc":{"start":{"line":33,"column":27},"end":{"line":42,"column":5}},"locations":[{"start":{"line":33,"column":27},"end":{"line":42,"column":5}}]},"23":{"type":"branch","line":37,"loc":{"start":{"line":37,"column":21},"end":{"line":39,"column":13}},"locations":[{"start":{"line":37,"column":21},"end":{"line":39,"column":13}}]},"24":{"type":"branch","line":42,"loc":{"start":{"line":42,"column":4},"end":{"line":48,"column":5}},"locations":[{"start":{"line":42,"column":4},"end":{"line":48,"column":5}}]},"25":{"type":"branch","line":44,"loc":{"start":{"line":44,"column":27},"end":{"line":47,"column":7}},"locations":[{"start":{"line":44,"column":27},"end":{"line":47,"column":7}}]},"26":{"type":"branch","line":51,"loc":{"start":{"line":51,"column":2},"end":{"line":56,"column":3}},"locations":[{"start":{"line":51,"column":2},"end":{"line":56,"column":3}}]},"27":{"type":"branch","line":52,"loc":{"start":{"line":52,"column":21},"end":{"line":55,"column":5}},"locations":[{"start":{"line":52,"column":21},"end":{"line":55,"column":5}}]}},"b":{"0":[8],"1":[1],"2":[7],"3":[1],"4":[6],"5":[1],"6":[5],"7":[19],"8":[1],"9":[45],"10":[12],"11":[1],"12":[11],"13":[33],"14":[13],"15":[1],"16":[12],"17":[20],"18":[9],"19":[4],"20":[5],"21":[11],"22":[1],"23":[0],"24":[10],"25":[9],"26":[13],"27":[45]},"fnMap":{"0":{"name":"executeCommands","decl":{"start":{"line":1,"column":31},"end":{"line":61,"column":1}},"loc":{"start":{"line":1,"column":31},"end":{"line":61,"column":1}},"line":1},"1":{"name":"execute","decl":{"start":{"line":11,"column":2},"end":{"line":49,"column":3}},"loc":{"start":{"line":11,"column":2},"end":{"line":49,"column":3}},"line":11},"2":{"name":"iterate","decl":{"start":{"line":51,"column":2},"end":{"line":56,"column":3}},"loc":{"start":{"line":51,"column":2},"end":{"line":56,"column":3}},"line":51}},"f":{"0":8,"1":45,"2":13}}
,"/Users/rpxic/repos/adventjs/src/2022/23-executeCommands/mock.ts": {"path":"/Users/rpxic/repos/adventjs/src/2022/23-executeCommands/mock.ts","all":false,"statementMap":{"0":{"start":{"line":1,"column":0},"end":{"line":1,"column":77}},"1":{"start":{"line":2,"column":0},"end":{"line":2,"column":48}},"2":{"start":{"line":3,"column":0},"end":{"line":3,"column":0}},"3":{"start":{"line":4,"column":0},"end":{"line":4,"column":73}},"4":{"start":{"line":5,"column":0},"end":{"line":5,"column":49}},"5":{"start":{"line":6,"column":0},"end":{"line":6,"column":0}},"6":{"start":{"line":7,"column":0},"end":{"line":7,"column":81}},"7":{"start":{"line":8,"column":0},"end":{"line":8,"column":48}},"8":{"start":{"line":9,"column":0},"end":{"line":9,"column":0}},"9":{"start":{"line":10,"column":0},"end":{"line":10,"column":99}},"10":{"start":{"line":11,"column":0},"end":{"line":11,"column":52}}},"s":{"0":1,"1":1,"2":1,"3":1,"4":1,"5":1,"6":1,"7":1,"8":1,"9":1,"10":1},"branchMap":{},"b":{},"fnMap":{},"f":{}}
,"/Users/rpxic/repos/adventjs/src/2022/24-canExit/canExit.ts": {"path":"/Users/rpxic/repos/adventjs/src/2022/24-canExit/canExit.ts","all":false,"statementMap":{"0":{"start":{"line":1,"column":0},"end":{"line":1,"column":46}},"1":{"start":{"line":2,"column":0},"end":{"line":2,"column":63}},"2":{"start":{"line":3,"column":0},"end":{"line":3,"column":78}},"3":{"start":{"line":4,"column":0},"end":{"line":4,"column":62}},"4":{"start":{"line":5,"column":0},"end":{"line":5,"column":87}},"5":{"start":{"line":6,"column":0},"end":{"line":6,"column":76}},"6":{"start":{"line":7,"column":0},"end":{"line":7,"column":27}},"7":{"start":{"line":8,"column":0},"end":{"line":8,"column":79}},"8":{"start":{"line":9,"column":0},"end":{"line":9,"column":4}},"9":{"start":{"line":10,"column":0},"end":{"line":10,"column":0}},"10":{"start":{"line":11,"column":0},"end":{"line":11,"column":25}},"11":{"start":{"line":12,"column":0},"end":{"line":12,"column":14}},"12":{"start":{"line":13,"column":0},"end":{"line":13,"column":33}},"13":{"start":{"line":14,"column":0},"end":{"line":14,"column":33}},"14":{"start":{"line":15,"column":0},"end":{"line":15,"column":16}},"15":{"start":{"line":16,"column":0},"end":{"line":16,"column":3}},"16":{"start":{"line":17,"column":0},"end":{"line":17,"column":0}},"17":{"start":{"line":18,"column":0},"end":{"line":18,"column":26}},"18":{"start":{"line":19,"column":0},"end":{"line":19,"column":65}},"19":{"start":{"line":20,"column":0},"end":{"line":20,"column":25}},"20":{"start":{"line":21,"column":0},"end":{"line":21,"column":33}},"21":{"start":{"line":22,"column":0},"end":{"line":22,"column":44}},"22":{"start":{"line":23,"column":0},"end":{"line":23,"column":76}},"23":{"start":{"line":24,"column":0},"end":{"line":24,"column":34}},"24":{"start":{"line":25,"column":0},"end":{"line":25,"column":6}},"25":{"start":{"line":26,"column":0},"end":{"line":26,"column":66}},"26":{"start":{"line":27,"column":0},"end":{"line":27,"column":4}},"27":{"start":{"line":28,"column":0},"end":{"line":28,"column":0}},"28":{"start":{"line":29,"column":0},"end":{"line":29,"column":33}},"29":{"start":{"line":30,"column":0},"end":{"line":30,"column":1}}},"s":{"0":1,"1":6,"2":6,"3":6,"4":6,"5":6,"6":2,"7":10,"8":2,"9":2,"10":2,"11":1500,"12":1500,"13":1500,"14":1500,"15":1500,"16":2,"17":2,"18":2,"19":50,"20":50,"21":250,"22":250,"23":250,"24":50,"25":50,"26":2,"27":2,"28":2,"29":2},"branchMap":{"0":{"type":"branch","line":1,"loc":{"start":{"line":1,"column":23},"end":{"line":30,"column":1}},"locations":[{"start":{"line":1,"column":23},"end":{"line":30,"column":1}}]},"1":{"type":"branch","line":2,"loc":{"start":{"line":2,"column":13},"end":{"line":2,"column":63}},"locations":[{"start":{"line":2,"column":13},"end":{"line":2,"column":63}}]},"2":{"type":"branch","line":2,"loc":{"start":{"line":2,"column":62},"end":{"line":3,"column":34}},"locations":[{"start":{"line":2,"column":62},"end":{"line":3,"column":34}}]},"3":{"type":"branch","line":3,"loc":{"start":{"line":3,"column":28},"end":{"line":3,"column":78}},"locations":[{"start":{"line":3,"column":28},"end":{"line":3,"column":78}}]},"4":{"type":"branch","line":3,"loc":{"start":{"line":3,"column":77},"end":{"line":4,"column":22}},"locations":[{"start":{"line":3,"column":77},"end":{"line":4,"column":22}}]},"5":{"type":"branch","line":4,"loc":{"start":{"line":4,"column":16},"end":{"line":4,"column":62}},"locations":[{"start":{"line":4,"column":16},"end":{"line":4,"column":62}}]},"6":{"type":"branch","line":4,"loc":{"start":{"line":4,"column":61},"end":{"line":5,"column":37}},"locations":[{"start":{"line":4,"column":61},"end":{"line":5,"column":37}}]},"7":{"type":"branch","line":5,"loc":{"start":{"line":5,"column":31},"end":{"line":5,"column":87}},"locations":[{"start":{"line":5,"column":31},"end":{"line":5,"column":87}}]},"8":{"type":"branch","line":5,"loc":{"start":{"line":5,"column":86},"end":{"line":6,"column":32}},"locations":[{"start":{"line":5,"column":86},"end":{"line":6,"column":32}}]},"9":{"type":"branch","line":6,"loc":{"start":{"line":6,"column":26},"end":{"line":6,"column":76}},"locations":[{"start":{"line":6,"column":26},"end":{"line":6,"column":76}}]},"10":{"type":"branch","line":6,"loc":{"start":{"line":6,"column":75},"end":{"line":30,"column":1}},"locations":[{"start":{"line":6,"column":75},"end":{"line":30,"column":1}}]},"11":{"type":"branch","line":7,"loc":{"start":{"line":7,"column":18},"end":{"line":9,"column":3}},"locations":[{"start":{"line":7,"column":18},"end":{"line":9,"column":3}}]},"12":{"type":"branch","line":8,"loc":{"start":{"line":8,"column":32},"end":{"line":8,"column":79}},"locations":[{"start":{"line":8,"column":32},"end":{"line":8,"column":79}}]},"13":{"type":"branch","line":11,"loc":{"start":{"line":11,"column":2},"end":{"line":16,"column":3}},"locations":[{"start":{"line":11,"column":2},"end":{"line":16,"column":3}}]},"14":{"type":"branch","line":19,"loc":{"start":{"line":19,"column":58},"end":{"line":27,"column":3}},"locations":[{"start":{"line":19,"column":58},"end":{"line":27,"column":3}}]},"15":{"type":"branch","line":26,"loc":{"start":{"line":26,"column":48},"end":{"line":26,"column":66}},"locations":[{"start":{"line":26,"column":48},"end":{"line":26,"column":66}}]},"16":{"type":"branch","line":21,"loc":{"start":{"line":21,"column":13},"end":{"line":25,"column":5}},"locations":[{"start":{"line":21,"column":13},"end":{"line":25,"column":5}}]},"17":{"type":"branch","line":23,"loc":{"start":{"line":23,"column":26},"end":{"line":23,"column":75}},"locations":[{"start":{"line":23,"column":26},"end":{"line":23,"column":75}}]},"18":{"type":"branch","line":23,"loc":{"start":{"line":23,"column":53},"end":{"line":23,"column":64}},"locations":[{"start":{"line":23,"column":53},"end":{"line":23,"column":64}}]},"19":{"type":"branch","line":24,"loc":{"start":{"line":24,"column":22},"end":{"line":24,"column":33}},"locations":[{"start":{"line":24,"column":22},"end":{"line":24,"column":33}}]}},"b":{"0":[6],"1":[1],"2":[5],"3":[1],"4":[4],"5":[1],"6":[3],"7":[1],"8":[2],"9":[0],"10":[2],"11":[10],"12":[0],"13":[1500],"14":[50],"15":[44],"16":[250],"17":[1250],"18":[6250],"19":[1250]},"fnMap":{"0":{"name":"canExit","decl":{"start":{"line":1,"column":23},"end":{"line":30,"column":1}},"loc":{"start":{"line":1,"column":23},"end":{"line":30,"column":1}},"line":1},"1":{"name":"replace","decl":{"start":{"line":11,"column":2},"end":{"line":16,"column":3}},"loc":{"start":{"line":11,"column":2},"end":{"line":16,"column":3}},"line":11}},"f":{"0":6,"1":1500}}
,"/Users/rpxic/repos/adventjs/src/2022/24-canExit/mock.ts": {"path":"/Users/rpxic/repos/adventjs/src/2022/24-canExit/mock.ts","all":false,"statementMap":{"0":{"start":{"line":1,"column":0},"end":{"line":1,"column":21}},"1":{"start":{"line":2,"column":0},"end":{"line":2,"column":28}},"2":{"start":{"line":3,"column":0},"end":{"line":3,"column":28}},"3":{"start":{"line":4,"column":0},"end":{"line":4,"column":28}},"4":{"start":{"line":5,"column":0},"end":{"line":5,"column":28}},"5":{"start":{"line":6,"column":0},"end":{"line":6,"column":27}},"6":{"start":{"line":7,"column":0},"end":{"line":7,"column":1}},"7":{"start":{"line":8,"column":0},"end":{"line":8,"column":26}},"8":{"start":{"line":9,"column":0},"end":{"line":9,"column":0}},"9":{"start":{"line":10,"column":0},"end":{"line":10,"column":22}},"10":{"start":{"line":11,"column":0},"end":{"line":11,"column":28}},"11":{"start":{"line":12,"column":0},"end":{"line":12,"column":28}},"12":{"start":{"line":13,"column":0},"end":{"line":13,"column":28}},"13":{"start":{"line":14,"column":0},"end":{"line":14,"column":28}},"14":{"start":{"line":15,"column":0},"end":{"line":15,"column":27}},"15":{"start":{"line":16,"column":0},"end":{"line":16,"column":1}},"16":{"start":{"line":17,"column":0},"end":{"line":17,"column":28}}},"s":{"0":1,"1":1,"2":1,"3":1,"4":1,"5":1,"6":1,"7":1,"8":1,"9":1,"10":1,"11":1,"12":1,"13":1,"14":1,"15":1,"16":1},"branchMap":{},"b":{},"fnMap":{},"f":{}}
}
